Using pre-set license
Built from '2020.3/staging' branch; Version is '2020.3.6f1 (338bb68529b2) revision 3378102'; Using compiler version '192528614'; Build Type 'Release'
OS: 'Windows 10 Pro; OS build 26100.4351; Version 2009; 64bit' Language: 'ko' Physical Memory: 32469 MB
BatchMode: 1, IsHumanControllingUs: 0, StartBugReporterOnCrash: 0, Is64bit: 1, IsPro: 0

 COMMAND LINE ARGUMENTS:
C:\Program Files\Unity\Hub\Editor\2020.3.6f1\Editor\Unity.exe
-adb2
-batchMode
-noUpm
-name
AssetImportWorker0
-projectPath
C:/Users/MSI/Documents/GitHub/Undertale_yellow/Framework
-logFile
Logs/AssetImportWorker0.log
-srvPort
51092
Successfully changed project path to: C:/Users/MSI/Documents/GitHub/Undertale_yellow/Framework
C:/Users/MSI/Documents/GitHub/Undertale_yellow/Framework
Using Asset Import Pipeline V2.
Refreshing native plugins compatible for Editor in 108.59 ms, found 1 plugins.
Preloading 0 native plugins for Editor in 0.00 ms.
Initialize engine version: 2020.3.6f1 (338bb68529b2)
[Subsystems] Discovering subsystems at path C:/Program Files/Unity/Hub/Editor/2020.3.6f1/Editor/Data/Resources/UnitySubsystems
[Subsystems] Discovering subsystems at path C:/Users/MSI/Documents/GitHub/Undertale_yellow/Framework/Assets
GfxDevice: creating device client; threaded=0
Direct3D:
    Version:  Direct3D 11.0 [level 11.1]
    Renderer: NVIDIA GeForce RTX 3050 Laptop GPU (ID=0x25a2)
    Vendor:   
    VRAM:     3965 MB
    Driver:   32.0.15.7260
Shader 'Universal Render Pipeline/Particles/Lit': fallback shader 'Universal Render Pipeline/Particles/SimpleLit' not found
Initialize mono
Mono path[0] = 'C:/Program Files/Unity/Hub/Editor/2020.3.6f1/Editor/Data/Managed'
Mono path[1] = 'C:/Program Files/Unity/Hub/Editor/2020.3.6f1/Editor/Data/MonoBleedingEdge/lib/mono/unityjit'
Mono config path = 'C:/Program Files/Unity/Hub/Editor/2020.3.6f1/Editor/Data/MonoBleedingEdge/etc'
Using monoOptions --debugger-agent=transport=dt_socket,embedding=1,server=y,suspend=n,address=127.0.0.1:56244
Begin MonoManager ReloadAssembly
Registering precompiled unity dll's ...
Register platform support module: C:/Program Files/Unity/Hub/Editor/2020.3.6f1/Editor/Data/PlaybackEngines/WindowsStandaloneSupport/UnityEditor.WindowsStandalone.Extensions.dll
Registered in 0.001960 seconds.
Native extension for WindowsStandalone target not found
Refreshing native plugins compatible for Editor in 111.28 ms, found 1 plugins.
Preloading 0 native plugins for Editor in 0.00 ms.
Mono: successfully reloaded assembly
- Completed reload, in  3.514 seconds
Platform modules already initialized, skipping
Registering precompiled user dll's ...
Registered in 0.005636 seconds.
Begin MonoManager ReloadAssembly
Native extension for WindowsStandalone target not found
Refreshing native plugins compatible for Editor in 139.58 ms, found 1 plugins.
Preloading 0 native plugins for Editor in 0.00 ms.
Mono: successfully reloaded assembly
- Completed reload, in  1.756 seconds
Platform modules already initialized, skipping
========================================================================
Worker process is ready to serve import requests
Shader 'Universal Render Pipeline/Particles/Lit': fallback shader 'Universal Render Pipeline/Particles/SimpleLit' not found
Launched and connected shader compiler UnityShaderCompiler.exe after 0.05 seconds
Refreshing native plugins compatible for Editor in 1.38 ms, found 1 plugins.
Preloading 0 native plugins for Editor in 0.00 ms.
Unloading 3392 Unused Serialized files (Serialized files now loaded: 0)
System memory in use before: 166.8 MB.
System memory in use after: 167.0 MB.

Unloading 23 unused Assets to reduce memory usage. Loaded Objects now: 3857.
Total: 6.252200 ms (FindLiveObjects: 0.653500 ms CreateObjectMapping: 0.264700 ms MarkObjects: 5.252900 ms  DeleteObjects: 0.077400 ms)

========================================================================
Received Import Request.
  path: Assets/Scenes/GameScene.unity
  artifactKey: Guid(3a6c620073001894d9ad794cb2b286e3) Importer(815301076,1909f56bfc062723c751e8b465ee728b)
Start importing Assets/Scenes/GameScene.unity using Guid(3a6c620073001894d9ad794cb2b286e3) Importer(815301076,1909f56bfc062723c751e8b465ee728b)  -> (artifact id: 'e946f93595ece41b493d4c97a1004b65') in 0.048097 seconds
  Import took 0.063988 seconds .

========================================================================
Received Prepare
Registering precompiled user dll's ...
Registered in 0.006099 seconds.
Begin MonoManager ReloadAssembly
Native extension for WindowsStandalone target not found
Refreshing native plugins compatible for Editor in 1.21 ms, found 1 plugins.
Preloading 0 native plugins for Editor in 0.00 ms.
Mono: successfully reloaded assembly
- Completed reload, in  1.177 seconds
Platform modules already initialized, skipping
Shader 'Universal Render Pipeline/Particles/Lit': fallback shader 'Universal Render Pipeline/Particles/SimpleLit' not found
Refreshing native plugins compatible for Editor in 1.87 ms, found 1 plugins.
Preloading 0 native plugins for Editor in 0.00 ms.
Unloading 3236 Unused Serialized files (Serialized files now loaded: 0)
System memory in use before: 155.4 MB.
System memory in use after: 155.6 MB.

Unloading 12 unused Assets to reduce memory usage. Loaded Objects now: 3860.
Total: 6.488500 ms (FindLiveObjects: 0.761900 ms CreateObjectMapping: 0.297900 ms MarkObjects: 5.383000 ms  DeleteObjects: 0.041600 ms)

========================================================================
Received Import Request.
  Time since last request: 1756.732273 seconds.
  path: Assets/Scenes/GameScene
  artifactKey: Guid(f01be361bc83bd0449ce57495b84d93e) Importer(815301076,1909f56bfc062723c751e8b465ee728b)
Start importing Assets/Scenes/GameScene using Guid(f01be361bc83bd0449ce57495b84d93e) Importer(815301076,1909f56bfc062723c751e8b465ee728b)  -> (artifact id: '333891d9e88e82d27a3830ee48310882') in 0.030604 seconds
  Import took 0.044058 seconds .

========================================================================
Received Prepare
Registering precompiled user dll's ...
Registered in 0.018154 seconds.
Begin MonoManager ReloadAssembly
Native extension for WindowsStandalone target not found
Refreshing native plugins compatible for Editor in 1.40 ms, found 1 plugins.
Preloading 0 native plugins for Editor in 0.00 ms.
Mono: successfully reloaded assembly
- Completed reload, in  1.467 seconds
Platform modules already initialized, skipping
Shader 'Universal Render Pipeline/Particles/Lit': fallback shader 'Universal Render Pipeline/Particles/SimpleLit' not found
Refreshing native plugins compatible for Editor in 1.49 ms, found 1 plugins.
Preloading 0 native plugins for Editor in 0.00 ms.
Unloading 3236 Unused Serialized files (Serialized files now loaded: 0)
System memory in use before: 155.4 MB.
System memory in use after: 155.7 MB.

Unloading 12 unused Assets to reduce memory usage. Loaded Objects now: 3863.
Total: 16.243700 ms (FindLiveObjects: 2.692500 ms CreateObjectMapping: 0.754900 ms MarkObjects: 12.705500 ms  DeleteObjects: 0.087600 ms)

========================================================================
Received Prepare
Registering precompiled user dll's ...
Registered in 0.015980 seconds.
Begin MonoManager ReloadAssembly
Native extension for WindowsStandalone target not found
Refreshing native plugins compatible for Editor in 1.31 ms, found 1 plugins.
Preloading 0 native plugins for Editor in 0.00 ms.
Mono: successfully reloaded assembly
- Completed reload, in  2.581 seconds
Platform modules already initialized, skipping
Shader 'Universal Render Pipeline/Particles/Lit': fallback shader 'Universal Render Pipeline/Particles/SimpleLit' not found
Refreshing native plugins compatible for Editor in 2.70 ms, found 1 plugins.
Preloading 0 native plugins for Editor in 0.00 ms.
Unloading 3236 Unused Serialized files (Serialized files now loaded: 0)
System memory in use before: 155.5 MB.
System memory in use after: 155.7 MB.

Unloading 12 unused Assets to reduce memory usage. Loaded Objects now: 3866.
Total: 5.129200 ms (FindLiveObjects: 1.039300 ms CreateObjectMapping: 0.344100 ms MarkObjects: 3.721400 ms  DeleteObjects: 0.022800 ms)

========================================================================
Received Import Request.
  Time since last request: 96.167896 seconds.
  path: Assets/PlayerData.asset
  artifactKey: Guid(c02694be969d6e64c8dd91bb31a92a69) Importer(815301076,1909f56bfc062723c751e8b465ee728b)
Start importing Assets/PlayerData.asset using Guid(c02694be969d6e64c8dd91bb31a92a69) Importer(815301076,1909f56bfc062723c751e8b465ee728b)  -> (artifact id: '749e4cc6882306f00fe59221ba166a61') in 0.104195 seconds
  Import took 0.113278 seconds .

========================================================================
Received Prepare
Registering precompiled user dll's ...
Registered in 0.003394 seconds.
Begin MonoManager ReloadAssembly
Native extension for WindowsStandalone target not found
Refreshing native plugins compatible for Editor in 1.10 ms, found 1 plugins.
Preloading 0 native plugins for Editor in 0.00 ms.
Mono: successfully reloaded assembly
- Completed reload, in  1.382 seconds
Platform modules already initialized, skipping
Shader 'Universal Render Pipeline/Particles/Lit': fallback shader 'Universal Render Pipeline/Particles/SimpleLit' not found
Refreshing native plugins compatible for Editor in 1.53 ms, found 1 plugins.
Preloading 0 native plugins for Editor in 0.00 ms.
Unloading 3236 Unused Serialized files (Serialized files now loaded: 0)
System memory in use before: 155.5 MB.
System memory in use after: 155.7 MB.

Unloading 12 unused Assets to reduce memory usage. Loaded Objects now: 3869.
Total: 13.824900 ms (FindLiveObjects: 1.132300 ms CreateObjectMapping: 1.804600 ms MarkObjects: 10.816700 ms  DeleteObjects: 0.067100 ms)

========================================================================
Received Prepare
Registering precompiled user dll's ...
Registered in 0.003857 seconds.
Begin MonoManager ReloadAssembly
Native extension for WindowsStandalone target not found
Refreshing native plugins compatible for Editor in 0.87 ms, found 1 plugins.
Preloading 0 native plugins for Editor in 0.00 ms.
Mono: successfully reloaded assembly
- Completed reload, in  1.444 seconds
Platform modules already initialized, skipping
Shader 'Universal Render Pipeline/Particles/Lit': fallback shader 'Universal Render Pipeline/Particles/SimpleLit' not found
Refreshing native plugins compatible for Editor in 1.37 ms, found 1 plugins.
Preloading 0 native plugins for Editor in 0.00 ms.
Unloading 3236 Unused Serialized files (Serialized files now loaded: 0)
System memory in use before: 155.5 MB.
System memory in use after: 155.8 MB.

Unloading 12 unused Assets to reduce memory usage. Loaded Objects now: 3872.
Total: 6.160000 ms (FindLiveObjects: 0.423000 ms CreateObjectMapping: 0.201300 ms MarkObjects: 5.488100 ms  DeleteObjects: 0.042800 ms)

========================================================================
Received Prepare
Registering precompiled user dll's ...
Registered in 0.003834 seconds.
Begin MonoManager ReloadAssembly
Native extension for WindowsStandalone target not found
Refreshing native plugins compatible for Editor in 1.13 ms, found 1 plugins.
Preloading 0 native plugins for Editor in 0.00 ms.
Mono: successfully reloaded assembly
- Completed reload, in  1.365 seconds
Platform modules already initialized, skipping
Shader 'Universal Render Pipeline/Particles/Lit': fallback shader 'Universal Render Pipeline/Particles/SimpleLit' not found
Refreshing native plugins compatible for Editor in 1.42 ms, found 1 plugins.
Preloading 0 native plugins for Editor in 0.00 ms.
Unloading 3236 Unused Serialized files (Serialized files now loaded: 0)
System memory in use before: 155.5 MB.
System memory in use after: 155.8 MB.

Unloading 12 unused Assets to reduce memory usage. Loaded Objects now: 3875.
Total: 6.999600 ms (FindLiveObjects: 1.090400 ms CreateObjectMapping: 0.497500 ms MarkObjects: 5.357800 ms  DeleteObjects: 0.050000 ms)

========================================================================
Received Prepare
Registering precompiled user dll's ...
Registered in 0.003199 seconds.
Begin MonoManager ReloadAssembly
Native extension for WindowsStandalone target not found
Refreshing native plugins compatible for Editor in 1.00 ms, found 1 plugins.
Preloading 0 native plugins for Editor in 0.00 ms.
Mono: successfully reloaded assembly
- Completed reload, in  1.147 seconds
Platform modules already initialized, skipping
Shader 'Universal Render Pipeline/Particles/Lit': fallback shader 'Universal Render Pipeline/Particles/SimpleLit' not found
Refreshing native plugins compatible for Editor in 1.38 ms, found 1 plugins.
Preloading 0 native plugins for Editor in 0.00 ms.
Unloading 3236 Unused Serialized files (Serialized files now loaded: 0)
System memory in use before: 155.5 MB.
System memory in use after: 155.8 MB.

Unloading 12 unused Assets to reduce memory usage. Loaded Objects now: 3878.
Total: 6.378100 ms (FindLiveObjects: 1.284100 ms CreateObjectMapping: 0.417800 ms MarkObjects: 4.628300 ms  DeleteObjects: 0.043700 ms)

========================================================================
Received Prepare
Registering precompiled user dll's ...
Registered in 0.003600 seconds.
Begin MonoManager ReloadAssembly
Native extension for WindowsStandalone target not found
Refreshing native plugins compatible for Editor in 0.94 ms, found 1 plugins.
Preloading 0 native plugins for Editor in 0.00 ms.
Mono: successfully reloaded assembly
- Completed reload, in  1.135 seconds
Platform modules already initialized, skipping
Shader 'Universal Render Pipeline/Particles/Lit': fallback shader 'Universal Render Pipeline/Particles/SimpleLit' not found
Refreshing native plugins compatible for Editor in 1.39 ms, found 1 plugins.
Preloading 0 native plugins for Editor in 0.00 ms.
Unloading 3236 Unused Serialized files (Serialized files now loaded: 0)
System memory in use before: 155.6 MB.
System memory in use after: 155.8 MB.

Unloading 12 unused Assets to reduce memory usage. Loaded Objects now: 3881.
Total: 5.673200 ms (FindLiveObjects: 0.653000 ms CreateObjectMapping: 0.263500 ms MarkObjects: 4.704500 ms  DeleteObjects: 0.049400 ms)

========================================================================
Received Prepare
Registering precompiled user dll's ...
Registered in 0.003402 seconds.
Begin MonoManager ReloadAssembly
Native extension for WindowsStandalone target not found
Refreshing native plugins compatible for Editor in 0.93 ms, found 1 plugins.
Preloading 0 native plugins for Editor in 0.00 ms.
Mono: successfully reloaded assembly
- Completed reload, in  1.013 seconds
Platform modules already initialized, skipping
Shader 'Universal Render Pipeline/Particles/Lit': fallback shader 'Universal Render Pipeline/Particles/SimpleLit' not found
Refreshing native plugins compatible for Editor in 1.42 ms, found 1 plugins.
Preloading 0 native plugins for Editor in 0.00 ms.
Unloading 3236 Unused Serialized files (Serialized files now loaded: 0)
System memory in use before: 155.6 MB.
System memory in use after: 155.8 MB.

Unloading 12 unused Assets to reduce memory usage. Loaded Objects now: 3884.
Total: 7.155800 ms (FindLiveObjects: 0.645700 ms CreateObjectMapping: 0.235900 ms MarkObjects: 6.221300 ms  DeleteObjects: 0.049800 ms)

========================================================================
Received Import Request.
  Time since last request: 1414.022361 seconds.
  path: Assets/Scenes/TestScene.unity
  artifactKey: Guid(53ef102377315d045909a19778f41c07) Importer(815301076,1909f56bfc062723c751e8b465ee728b)
Start importing Assets/Scenes/TestScene.unity using Guid(53ef102377315d045909a19778f41c07) Importer(815301076,1909f56bfc062723c751e8b465ee728b)  -> (artifact id: '05dfb1ac8675e99fdb98539fa54b04f8') in 0.026244 seconds
  Import took 0.032941 seconds .

========================================================================
Received Prepare
Registering precompiled user dll's ...
Registered in 0.003152 seconds.
Begin MonoManager ReloadAssembly
Native extension for WindowsStandalone target not found
Refreshing native plugins compatible for Editor in 0.87 ms, found 1 plugins.
Preloading 0 native plugins for Editor in 0.00 ms.
Mono: successfully reloaded assembly
- Completed reload, in  1.530 seconds
Platform modules already initialized, skipping
Shader 'Universal Render Pipeline/Particles/Lit': fallback shader 'Universal Render Pipeline/Particles/SimpleLit' not found
Refreshing native plugins compatible for Editor in 1.63 ms, found 1 plugins.
Preloading 0 native plugins for Editor in 0.00 ms.
Unloading 3236 Unused Serialized files (Serialized files now loaded: 0)
System memory in use before: 155.6 MB.
System memory in use after: 155.8 MB.

Unloading 12 unused Assets to reduce memory usage. Loaded Objects now: 3887.
Total: 6.190100 ms (FindLiveObjects: 0.846400 ms CreateObjectMapping: 0.258700 ms MarkObjects: 5.025100 ms  DeleteObjects: 0.055600 ms)

========================================================================
Received Import Request.
  Time since last request: 147.129426 seconds.
  path: Assets/Sound/BG/toby fox - UNDERTALE Soundtrack - 04 Fallen Down.mp3
  artifactKey: Guid(3327c348f78365c4f8ec1d3f351ca601) Importer(815301076,1909f56bfc062723c751e8b465ee728b)
Start importing Assets/Sound/BG/toby fox - UNDERTALE Soundtrack - 04 Fallen Down.mp3 using Guid(3327c348f78365c4f8ec1d3f351ca601) Importer(815301076,1909f56bfc062723c751e8b465ee728b)  -> (artifact id: 'e5393d6c11eb43f72a76f7548e4a6f9e') in 0.210374 seconds
  Import took 0.220063 seconds .

========================================================================
Received Import Request.
  Time since last request: 12.605747 seconds.
  path: Assets/Sound/BG/toby fox - UNDERTALE Soundtrack - 22 Snowdin Town.mp3
  artifactKey: Guid(11bb569783c9cec4ea1cdb82602eec06) Importer(815301076,1909f56bfc062723c751e8b465ee728b)
Start importing Assets/Sound/BG/toby fox - UNDERTALE Soundtrack - 22 Snowdin Town.mp3 using Guid(11bb569783c9cec4ea1cdb82602eec06) Importer(815301076,1909f56bfc062723c751e8b465ee728b)  -> (artifact id: 'b730bfadc3e28e1cfda7abb1aabc83ac') in 0.033566 seconds
  Import took 0.043290 seconds .

========================================================================
Received Import Request.
  Time since last request: 2.085081 seconds.
  path: Assets/Sound/BG/toby fox - UNDERTALE Soundtrack - 21 Dogsong.mp3
  artifactKey: Guid(5a605433d0d633645beb6d8aa1459bc3) Importer(815301076,1909f56bfc062723c751e8b465ee728b)
Start importing Assets/Sound/BG/toby fox - UNDERTALE Soundtrack - 21 Dogsong.mp3 using Guid(5a605433d0d633645beb6d8aa1459bc3) Importer(815301076,1909f56bfc062723c751e8b465ee728b)  -> (artifact id: 'b65dc49bd79d4adc77728294cee6d80c') in 0.056105 seconds
  Import took 0.071892 seconds .

========================================================================
Received Import Request.
  Time since last request: 1.291388 seconds.
  path: Assets/Sound/BG/toby fox - UNDERTALE Soundtrack - 19 Dogbass.mp3
  artifactKey: Guid(090534cdd4fe79448aab7d9b945ef9b6) Importer(815301076,1909f56bfc062723c751e8b465ee728b)
Start importing Assets/Sound/BG/toby fox - UNDERTALE Soundtrack - 19 Dogbass.mp3 using Guid(090534cdd4fe79448aab7d9b945ef9b6) Importer(815301076,1909f56bfc062723c751e8b465ee728b)  -> (artifact id: '065f5f17f36fba890257dd4c30b8860f') in 0.030798 seconds
  Import took 0.041892 seconds .

========================================================================
Received Import Request.
  Time since last request: 10.867660 seconds.
  path: Assets/Sound/BG/toby fox - UNDERTALE Soundtrack - 23 Shop.mp3
  artifactKey: Guid(ab1524c8b2d45874daedb14f4d0e238e) Importer(815301076,1909f56bfc062723c751e8b465ee728b)
Start importing Assets/Sound/BG/toby fox - UNDERTALE Soundtrack - 23 Shop.mp3 using Guid(ab1524c8b2d45874daedb14f4d0e238e) Importer(815301076,1909f56bfc062723c751e8b465ee728b)  -> (artifact id: '021899992653530e30a4dc69d79a9349') in 0.031561 seconds
  Import took 0.039443 seconds .

========================================================================
Received Import Request.
  Time since last request: 14.173805 seconds.
  path: Assets/Sound/BG/toby fox - UNDERTALE Soundtrack - 24 Bonetrousle.mp3
  artifactKey: Guid(ef0d2c48be43f0445ade032493131677) Importer(815301076,1909f56bfc062723c751e8b465ee728b)
Start importing Assets/Sound/BG/toby fox - UNDERTALE Soundtrack - 24 Bonetrousle.mp3 using Guid(ef0d2c48be43f0445ade032493131677) Importer(815301076,1909f56bfc062723c751e8b465ee728b)  -> (artifact id: 'b47fb853f28387e4c3cdf8391621b92f') in 0.042552 seconds
  Import took 0.061958 seconds .

========================================================================
Received Import Request.
  Time since last request: 17.095697 seconds.
  path: Assets/Sound/BG/toby fox - UNDERTALE Soundtrack - 17 Snowy.mp3
  artifactKey: Guid(b15756def3029aa439ba87079fdb09d8) Importer(815301076,1909f56bfc062723c751e8b465ee728b)
Start importing Assets/Sound/BG/toby fox - UNDERTALE Soundtrack - 17 Snowy.mp3 using Guid(b15756def3029aa439ba87079fdb09d8) Importer(815301076,1909f56bfc062723c751e8b465ee728b)  -> (artifact id: '3c537857f8259c6f2b0a022eb6f012b9') in 0.025516 seconds
  Import took 0.031751 seconds .

========================================================================
Received Import Request.
  Time since last request: 9.413787 seconds.
  path: Assets/Sound/BG/toby fox - UNDERTALE Soundtrack - 15 sans..mp3
  artifactKey: Guid(2cd7008b51c22644298fe49271f6b71e) Importer(815301076,1909f56bfc062723c751e8b465ee728b)
Start importing Assets/Sound/BG/toby fox - UNDERTALE Soundtrack - 15 sans..mp3 using Guid(2cd7008b51c22644298fe49271f6b71e) Importer(815301076,1909f56bfc062723c751e8b465ee728b)  -> (artifact id: 'a41fce64468cc38c2ff90cf84cc6a9fe') in 0.021560 seconds
  Import took 0.028644 seconds .

========================================================================
Received Import Request.
  Time since last request: 1581.299529 seconds.
  path: Assets/Sound/BG/toby fox - UNDERTALE Soundtrack - 83 Here We Are.mp3
  artifactKey: Guid(f50100574b7823a44a2208a8ad331f56) Importer(815301076,1909f56bfc062723c751e8b465ee728b)
Start importing Assets/Sound/BG/toby fox - UNDERTALE Soundtrack - 83 Here We Are.mp3 using Guid(f50100574b7823a44a2208a8ad331f56) Importer(815301076,1909f56bfc062723c751e8b465ee728b)  -> (artifact id: 'da5cd52df0b43b5d28c2ff2c937dd9a3') in 0.027097 seconds
  Import took 0.035716 seconds .

========================================================================
Received Prepare
Registering precompiled user dll's ...
Registered in 0.003688 seconds.
Begin MonoManager ReloadAssembly
Native extension for WindowsStandalone target not found
Refreshing native plugins compatible for Editor in 1.80 ms, found 1 plugins.
Preloading 0 native plugins for Editor in 0.00 ms.
Mono: successfully reloaded assembly
- Completed reload, in  1.533 seconds
Platform modules already initialized, skipping
Shader 'Universal Render Pipeline/Particles/Lit': fallback shader 'Universal Render Pipeline/Particles/SimpleLit' not found
Refreshing native plugins compatible for Editor in 1.54 ms, found 1 plugins.
Preloading 0 native plugins for Editor in 0.00 ms.
Unloading 3236 Unused Serialized files (Serialized files now loaded: 0)
System memory in use before: 158.6 MB.
System memory in use after: 158.8 MB.

Unloading 12 unused Assets to reduce memory usage. Loaded Objects now: 3899.
Total: 6.692700 ms (FindLiveObjects: 0.764200 ms CreateObjectMapping: 0.344900 ms MarkObjects: 5.531400 ms  DeleteObjects: 0.047500 ms)

AssetImportWorkerClient::OnTransportError - code=2 error=End of file
