Using pre-set license
Built from '2020.3/staging' branch; Version is '2020.3.6f1 (338bb68529b2) revision 3378102'; Using compiler version '192528614'; Build Type 'Release'
OS: 'Windows 10 Home; OS build 22621.2283; Version 2009; 64bit' Language: 'ko' Physical Memory: 16215 MB
BatchMode: 1, IsHumanControllingUs: 0, StartBugReporterOnCrash: 0, Is64bit: 1, IsPro: 0

 COMMAND LINE ARGUMENTS:
D:\Unity\2020.3.6f1\Editor\Unity.exe
-adb2
-batchMode
-noUpm
-name
AssetImportWorker31
-projectPath
D:/github/FrameWork/Framework
-logFile
Logs/AssetImportWorker31.log
-srvPort
10981
Successfully changed project path to: D:/github/FrameWork/Framework
D:/github/FrameWork/Framework
Using Asset Import Pipeline V2.
Refreshing native plugins compatible for Editor in 27.55 ms, found 1 plugins.
Preloading 0 native plugins for Editor in 0.00 ms.
Initialize engine version: 2020.3.6f1 (338bb68529b2)
[Subsystems] Discovering subsystems at path D:/Unity/2020.3.6f1/Editor/Data/Resources/UnitySubsystems
[Subsystems] Discovering subsystems at path D:/github/FrameWork/Framework/Assets
GfxDevice: creating device client; threaded=0
Direct3D:
    Version:  Direct3D 11.0 [level 11.1]
    Renderer: NVIDIA GeForce RTX 4070 Ti (ID=0x2782)
    Vendor:   
    VRAM:     12010 MB
    Driver:   31.0.15.4633
Initialize mono
Mono path[0] = 'D:/Unity/2020.3.6f1/Editor/Data/Managed'
Mono path[1] = 'D:/Unity/2020.3.6f1/Editor/Data/MonoBleedingEdge/lib/mono/unityjit'
Mono config path = 'D:/Unity/2020.3.6f1/Editor/Data/MonoBleedingEdge/etc'
Using monoOptions --debugger-agent=transport=dt_socket,embedding=1,server=y,suspend=n,address=127.0.0.1:56176
Begin MonoManager ReloadAssembly
Registering precompiled unity dll's ...
Register platform support module: D:/Unity/2020.3.6f1/Editor/Data/PlaybackEngines/WindowsStandaloneSupport/UnityEditor.WindowsStandalone.Extensions.dll
Registered in 0.000419 seconds.
Native extension for WindowsStandalone target not found
Refreshing native plugins compatible for Editor in 27.48 ms, found 1 plugins.
Preloading 0 native plugins for Editor in 0.00 ms.
Mono: successfully reloaded assembly
- Completed reload, in  1.074 seconds
Platform modules already initialized, skipping
Registering precompiled user dll's ...
Registered in 0.000821 seconds.
Begin MonoManager ReloadAssembly
Native extension for WindowsStandalone target not found
Refreshing native plugins compatible for Editor in 26.99 ms, found 1 plugins.
Preloading 0 native plugins for Editor in 0.00 ms.
Mono: successfully reloaded assembly
- Completed reload, in  2.350 seconds
Platform modules already initialized, skipping
========================================================================
Worker process is ready to serve import requests
Launched and connected shader compiler UnityShaderCompiler.exe after 0.16 seconds
Refreshing native plugins compatible for Editor in 0.38 ms, found 1 plugins.
Preloading 0 native plugins for Editor in 0.00 ms.
Unloading 2239 Unused Serialized files (Serialized files now loaded: 0)
System memory in use before: 117.9 MB.
System memory in use after: 118.1 MB.

Unloading 22 unused Assets to reduce memory usage. Loaded Objects now: 2703.
Total: 1.232100 ms (FindLiveObjects: 0.124400 ms CreateObjectMapping: 0.033900 ms MarkObjects: 1.055500 ms  DeleteObjects: 0.017500 ms)

========================================================================
Received Import Request.
  path: Assets/Sprite/Animation/Flowe/Flowe_0.controller
  artifactKey: Guid(364357d861871664c8dc16b1b906c853) Importer(815301076,1909f56bfc062723c751e8b465ee728b)
Start importing Assets/Sprite/Animation/Flowe/Flowe_0.controller using Guid(364357d861871664c8dc16b1b906c853) Importer(815301076,1909f56bfc062723c751e8b465ee728b)  -> (artifact id: '4d633b5685d293f67378224acd5dcd03') in 0.183711 seconds
  Import took 0.243037 seconds .

========================================================================
Received Import Request.
  Time since last request: 16094.828742 seconds.
  path: Assets/Script/Manager/DialogueManager.cs
  artifactKey: Guid(02869bd0fe348e34992407190974c972) Importer(815301076,1909f56bfc062723c751e8b465ee728b)
Start importing Assets/Script/Manager/DialogueManager.cs using Guid(02869bd0fe348e34992407190974c972) Importer(815301076,1909f56bfc062723c751e8b465ee728b)  -> (artifact id: '29ad303505ed083d1b2bed60b350b410') in 0.234302 seconds
  Import took 0.518633 seconds .

========================================================================
Received Import Request.
  Time since last request: 97.392867 seconds.
  path: Assets/Resources/dialogues.json
  artifactKey: Guid(1070783d540b7c84e8343c3b89c0da46) Importer(815301076,1909f56bfc062723c751e8b465ee728b)
Start importing Assets/Resources/dialogues.json using Guid(1070783d540b7c84e8343c3b89c0da46) Importer(815301076,1909f56bfc062723c751e8b465ee728b)  -> (artifact id: '92eb25b2108ee5d6b04fd68f9587df50') in 0.075788 seconds
  Import took 0.079369 seconds .

========================================================================
Received Prepare
Registering precompiled user dll's ...
Registered in 0.072062 seconds.
Begin MonoManager ReloadAssembly
Native extension for WindowsStandalone target not found
Refreshing native plugins compatible for Editor in 0.38 ms, found 1 plugins.
Preloading 0 native plugins for Editor in 0.00 ms.
Mono: successfully reloaded assembly
- Completed reload, in  0.609 seconds
Platform modules already initialized, skipping
Refreshing native plugins compatible for Editor in 0.33 ms, found 1 plugins.
Preloading 0 native plugins for Editor in 0.00 ms.
Unloading 2187 Unused Serialized files (Serialized files now loaded: 0)
System memory in use before: 113.4 MB.
System memory in use after: 113.5 MB.

Unloading 11 unused Assets to reduce memory usage. Loaded Objects now: 2706.
Total: 84.471500 ms (FindLiveObjects: 12.259800 ms CreateObjectMapping: 0.055200 ms MarkObjects: 72.120600 ms  DeleteObjects: 0.028900 ms)

========================================================================
Received Prepare
Registering precompiled user dll's ...
Registered in 0.038782 seconds.
Begin MonoManager ReloadAssembly
Native extension for WindowsStandalone target not found
Refreshing native plugins compatible for Editor in 0.31 ms, found 1 plugins.
Preloading 0 native plugins for Editor in 0.00 ms.
Mono: successfully reloaded assembly
- Completed reload, in  0.436 seconds
Platform modules already initialized, skipping
Refreshing native plugins compatible for Editor in 0.35 ms, found 1 plugins.
Preloading 0 native plugins for Editor in 0.00 ms.
Unloading 2187 Unused Serialized files (Serialized files now loaded: 0)
System memory in use before: 113.5 MB.
System memory in use after: 113.6 MB.

Unloading 11 unused Assets to reduce memory usage. Loaded Objects now: 2709.
Total: 1.250500 ms (FindLiveObjects: 0.151100 ms CreateObjectMapping: 0.034700 ms MarkObjects: 1.043600 ms  DeleteObjects: 0.013800 ms)

========================================================================
Received Prepare
Registering precompiled user dll's ...
Registered in 0.000845 seconds.
Begin MonoManager ReloadAssembly
Native extension for WindowsStandalone target not found
Refreshing native plugins compatible for Editor in 0.31 ms, found 1 plugins.
Preloading 0 native plugins for Editor in 0.00 ms.
Mono: successfully reloaded assembly
- Completed reload, in  0.459 seconds
Platform modules already initialized, skipping
Refreshing native plugins compatible for Editor in 0.33 ms, found 1 plugins.
Preloading 0 native plugins for Editor in 0.00 ms.
Unloading 2187 Unused Serialized files (Serialized files now loaded: 0)
System memory in use before: 113.5 MB.
System memory in use after: 113.6 MB.

Unloading 11 unused Assets to reduce memory usage. Loaded Objects now: 2712.
Total: 1.250400 ms (FindLiveObjects: 0.127900 ms CreateObjectMapping: 0.027700 ms MarkObjects: 1.080200 ms  DeleteObjects: 0.013500 ms)

========================================================================
Received Import Request.
  Time since last request: 10183.520742 seconds.
  path: Assets/Sprite/Animation/Flowe/Flowe_0.controller
  artifactKey: Guid(364357d861871664c8dc16b1b906c853) Importer(815301076,1909f56bfc062723c751e8b465ee728b)
Start importing Assets/Sprite/Animation/Flowe/Flowe_0.controller using Guid(364357d861871664c8dc16b1b906c853) Importer(815301076,1909f56bfc062723c751e8b465ee728b)  -> (artifact id: '6faee014f27677374f5283135e1ab7ce') in 0.036070 seconds
  Import took 0.038715 seconds .

========================================================================
Received Prepare
Registering precompiled user dll's ...
Registered in 0.000771 seconds.
Begin MonoManager ReloadAssembly
Native extension for WindowsStandalone target not found
Refreshing native plugins compatible for Editor in 0.34 ms, found 1 plugins.
Preloading 0 native plugins for Editor in 0.00 ms.
Mono: successfully reloaded assembly
- Completed reload, in  0.445 seconds
Platform modules already initialized, skipping
Refreshing native plugins compatible for Editor in 0.33 ms, found 1 plugins.
Preloading 0 native plugins for Editor in 0.00 ms.
Unloading 2187 Unused Serialized files (Serialized files now loaded: 0)
System memory in use before: 113.5 MB.
System memory in use after: 113.6 MB.

Unloading 11 unused Assets to reduce memory usage. Loaded Objects now: 2715.
Total: 1.210500 ms (FindLiveObjects: 0.114700 ms CreateObjectMapping: 0.037100 ms MarkObjects: 1.044000 ms  DeleteObjects: 0.013700 ms)

========================================================================
Received Prepare
Registering precompiled user dll's ...
Registered in 0.000922 seconds.
Begin MonoManager ReloadAssembly
Native extension for WindowsStandalone target not found
Refreshing native plugins compatible for Editor in 0.36 ms, found 1 plugins.
Preloading 0 native plugins for Editor in 0.00 ms.
Mono: successfully reloaded assembly
- Completed reload, in  0.442 seconds
Platform modules already initialized, skipping
Refreshing native plugins compatible for Editor in 0.34 ms, found 1 plugins.
Preloading 0 native plugins for Editor in 0.00 ms.
Unloading 2187 Unused Serialized files (Serialized files now loaded: 0)
System memory in use before: 113.6 MB.
System memory in use after: 113.7 MB.

Unloading 11 unused Assets to reduce memory usage. Loaded Objects now: 2718.
Total: 1.247900 ms (FindLiveObjects: 0.114400 ms CreateObjectMapping: 0.026500 ms MarkObjects: 1.091900 ms  DeleteObjects: 0.013800 ms)

========================================================================
Received Import Request.
  Time since last request: 1546.275963 seconds.
  path: Assets/Sneer.anim
  artifactKey: Guid(246560669423d6a42bdd1d15b53895a6) Importer(815301076,1909f56bfc062723c751e8b465ee728b)
Start importing Assets/Sneer.anim using Guid(246560669423d6a42bdd1d15b53895a6) Importer(815301076,1909f56bfc062723c751e8b465ee728b)  -> (artifact id: 'd9a7562650b2321e1de3db46ac523405') in 0.013971 seconds
  Import took 0.016146 seconds .

========================================================================
Received Import Request.
  Time since last request: 0.028906 seconds.
  path: Assets/Sneer.anim
  artifactKey: Guid(246560669423d6a42bdd1d15b53895a6) Importer(815301076,1909f56bfc062723c751e8b465ee728b)
Start importing Assets/Sneer.anim using Guid(246560669423d6a42bdd1d15b53895a6) Importer(815301076,1909f56bfc062723c751e8b465ee728b)  -> (artifact id: 'd9a7562650b2321e1de3db46ac523405') in 0.001620 seconds
  Import took 0.003884 seconds .

========================================================================
Received Import Request.
  Time since last request: 3.545021 seconds.
  path: Assets/Flowe_14.controller
  artifactKey: Guid(beca21cb0f8337943bc7f6249535d7dd) Importer(815301076,1909f56bfc062723c751e8b465ee728b)
Start importing Assets/Flowe_14.controller using Guid(beca21cb0f8337943bc7f6249535d7dd) Importer(815301076,1909f56bfc062723c751e8b465ee728b)  -> (artifact id: '143fa344d47f08de6e6148fc054c84c2') in 0.007373 seconds
  Import took 0.009268 seconds .

========================================================================
Received Import Request.
  Time since last request: 218.083580 seconds.
  path: Assets/Sprite/Animation/Flowe/Angry.anim
  artifactKey: Guid(62c7bf0918e6ffb45b15f698fa833ec8) Importer(815301076,1909f56bfc062723c751e8b465ee728b)
Start importing Assets/Sprite/Animation/Flowe/Angry.anim using Guid(62c7bf0918e6ffb45b15f698fa833ec8) Importer(815301076,1909f56bfc062723c751e8b465ee728b)  -> (artifact id: 'ecb2024193f14c8eb580961ca7dd9443') in 0.007068 seconds
  Import took 0.040195 seconds .

========================================================================
Received Import Request.
  Time since last request: 3.592030 seconds.
  path: Assets/Sprite/Animation/Flowe_16.controller
  artifactKey: Guid(cf24171336d9ffb4b828a3aec57eb143) Importer(815301076,1909f56bfc062723c751e8b465ee728b)
Start importing Assets/Sprite/Animation/Flowe_16.controller using Guid(cf24171336d9ffb4b828a3aec57eb143) Importer(815301076,1909f56bfc062723c751e8b465ee728b)  -> (artifact id: 'fe3b62d60857b0cbadfe12503db51960') in 0.006874 seconds
  Import took 0.035220 seconds .

========================================================================
Received Import Request.
  Time since last request: 83.326520 seconds.
  path: Assets/Sprite/Animation/Flowe/Flowe_0 1.controller
  artifactKey: Guid(3886cdbd591f9c54b92225c630226987) Importer(815301076,1909f56bfc062723c751e8b465ee728b)
Start importing Assets/Sprite/Animation/Flowe/Flowe_0 1.controller using Guid(3886cdbd591f9c54b92225c630226987) Importer(815301076,1909f56bfc062723c751e8b465ee728b)  -> (artifact id: '00442944dd30790547bcf0cab7dc8ded') in 0.007010 seconds
  Import took 0.032461 seconds .

========================================================================
Received Import Request.
  Time since last request: 155.346176 seconds.
  path: Assets/Sprite/Animation/Flowe/Flowe_18.controller
  artifactKey: Guid(a3eeb9558582086418525ce9c6ca6034) Importer(815301076,1909f56bfc062723c751e8b465ee728b)
Start importing Assets/Sprite/Animation/Flowe/Flowe_18.controller using Guid(a3eeb9558582086418525ce9c6ca6034) Importer(815301076,1909f56bfc062723c751e8b465ee728b)  -> (artifact id: '60db073b49244de0f5ce9d51cf867e2c') in 0.007017 seconds
  Import took 0.052197 seconds .

========================================================================
Received Import Request.
  Time since last request: 0.330536 seconds.
  path: Assets/Sprite/Animation/Flowe/Flowe_29.controller
  artifactKey: Guid(c5e2787b19a7bec43a5a88b573fd2b2e) Importer(815301076,1909f56bfc062723c751e8b465ee728b)
Start importing Assets/Sprite/Animation/Flowe/Flowe_29.controller using Guid(c5e2787b19a7bec43a5a88b573fd2b2e) Importer(815301076,1909f56bfc062723c751e8b465ee728b)  -> (artifact id: 'da79e30f3ba276a3a9ce65abc8c10e84') in 0.006540 seconds
  Import took 0.041374 seconds .

========================================================================
Received Import Request.
  Time since last request: 61.511676 seconds.
  path: Assets/Sprite/Animation/Flowe/Pain.anim
  artifactKey: Guid(a5793d784f52fdc4fb073b621169c712) Importer(815301076,1909f56bfc062723c751e8b465ee728b)
Start importing Assets/Sprite/Animation/Flowe/Pain.anim using Guid(a5793d784f52fdc4fb073b621169c712) Importer(815301076,1909f56bfc062723c751e8b465ee728b)  -> (artifact id: '1f077228cded4556047974ff5e2de4e2') in 0.007460 seconds
  Import took 0.056551 seconds .

========================================================================
Received Import Request.
  Time since last request: 1.578672 seconds.
  path: Assets/Sprite/Animation/Flowe/Player_Stat.anim
  artifactKey: Guid(4e32a5793d93bfc4ba925a63eaac4747) Importer(815301076,1909f56bfc062723c751e8b465ee728b)
Start importing Assets/Sprite/Animation/Flowe/Player_Stat.anim using Guid(4e32a5793d93bfc4ba925a63eaac4747) Importer(815301076,1909f56bfc062723c751e8b465ee728b)  -> (artifact id: '7b30f61e1be5f6ee98a5d52c271c05db') in 0.007468 seconds
  Import took 0.056434 seconds .

========================================================================
Received Import Request.
  Time since last request: 0.810755 seconds.
  path: Assets/Sprite/Animation/Flowe/Sad.anim
  artifactKey: Guid(cee5a7373c7147b499264365318e19ae) Importer(815301076,1909f56bfc062723c751e8b465ee728b)
Start importing Assets/Sprite/Animation/Flowe/Sad.anim using Guid(cee5a7373c7147b499264365318e19ae) Importer(815301076,1909f56bfc062723c751e8b465ee728b)  -> (artifact id: '5524c3f577f3811b7aeb8474e4df140f') in 0.006653 seconds
  Import took 0.031438 seconds .

========================================================================
Received Prepare
Registering precompiled user dll's ...
Registered in 0.076964 seconds.
Begin MonoManager ReloadAssembly
Native extension for WindowsStandalone target not found
Refreshing native plugins compatible for Editor in 0.38 ms, found 1 plugins.
Preloading 0 native plugins for Editor in 0.00 ms.
Mono: successfully reloaded assembly
- Completed reload, in  0.460 seconds
Platform modules already initialized, skipping
Refreshing native plugins compatible for Editor in 0.36 ms, found 1 plugins.
Preloading 0 native plugins for Editor in 0.00 ms.
Unloading 2187 Unused Serialized files (Serialized files now loaded: 0)
System memory in use before: 113.7 MB.
System memory in use after: 113.8 MB.

Unloading 11 unused Assets to reduce memory usage. Loaded Objects now: 2721.
Total: 1.294400 ms (FindLiveObjects: 0.112500 ms CreateObjectMapping: 0.028500 ms MarkObjects: 1.138500 ms  DeleteObjects: 0.014100 ms)

========================================================================
Received Import Request.
  Time since last request: 346.689569 seconds.
  path: Assets/Sprite/Animation/Flowe/Smliing.anim
  artifactKey: Guid(977c0f91ede08cc448ce0a19e75395f4) Importer(815301076,1909f56bfc062723c751e8b465ee728b)
Start importing Assets/Sprite/Animation/Flowe/Smliing.anim using Guid(977c0f91ede08cc448ce0a19e75395f4) Importer(815301076,1909f56bfc062723c751e8b465ee728b)  -> (artifact id: '94187393ad3578768fc7cfc52f01c68c') in 0.015191 seconds
  Import took 0.124667 seconds .

========================================================================
Received Import Request.
  Time since last request: 103.300315 seconds.
  path: Assets/Sprite/Animation/Flowe/Flowe_8.controller
  artifactKey: Guid(f39fb8dcdd3a3084d926085486e340b8) Importer(815301076,1909f56bfc062723c751e8b465ee728b)
Start importing Assets/Sprite/Animation/Flowe/Flowe_8.controller using Guid(f39fb8dcdd3a3084d926085486e340b8) Importer(815301076,1909f56bfc062723c751e8b465ee728b)  -> (artifact id: '7e5d196d72f66dc8893803fb9d0062a2') in 0.007596 seconds
  Import took 0.108650 seconds .

========================================================================
Received Import Request.
  Time since last request: 212.250742 seconds.
  path: Assets/Sprite/Animation/Flowe/Flowe_0 (1).controller
  artifactKey: Guid(3dc2fe242c12abd45bca0552ac495960) Importer(815301076,1909f56bfc062723c751e8b465ee728b)
Start importing Assets/Sprite/Animation/Flowe/Flowe_0 (1).controller using Guid(3dc2fe242c12abd45bca0552ac495960) Importer(815301076,1909f56bfc062723c751e8b465ee728b)  -> (artifact id: '40ab23ec0314230598234b03ee09d063') in 0.006847 seconds
  Import took 0.048191 seconds .

AssetImportWorkerClient::OnTransportError - code=2 error=End of file
