Using pre-set license
Built from '2020.3/staging' branch; Version is '2020.3.6f1 (338bb68529b2) revision 3378102'; Using compiler version '192528614'; Build Type 'Release'
OS: 'Windows 10 Pro; OS build 26100.3194; Version 2009; 64bit' Language: 'ko' Physical Memory: 32469 MB
BatchMode: 1, IsHumanControllingUs: 0, StartBugReporterOnCrash: 0, Is64bit: 1, IsPro: 0

 COMMAND LINE ARGUMENTS:
C:\Program Files\Unity\Hub\Editor\2020.3.6f1\Editor\Unity.exe
-adb2
-batchMode
-noUpm
-name
AssetImportWorker1
-projectPath
C:/Users/MSI/Documents/GitHub/Undertale_yellow/Framework
-logFile
Logs/AssetImportWorker1.log
-srvPort
49945
Successfully changed project path to: C:/Users/MSI/Documents/GitHub/Undertale_yellow/Framework
C:/Users/MSI/Documents/GitHub/Undertale_yellow/Framework
Using Asset Import Pipeline V2.
Refreshing native plugins compatible for Editor in 43.98 ms, found 1 plugins.
Preloading 0 native plugins for Editor in 0.00 ms.
Initialize engine version: 2020.3.6f1 (338bb68529b2)
[Subsystems] Discovering subsystems at path C:/Program Files/Unity/Hub/Editor/2020.3.6f1/Editor/Data/Resources/UnitySubsystems
[Subsystems] Discovering subsystems at path C:/Users/MSI/Documents/GitHub/Undertale_yellow/Framework/Assets
GfxDevice: creating device client; threaded=0
Direct3D:
    Version:  Direct3D 11.0 [level 11.1]
    Renderer: NVIDIA GeForce RTX 3050 Laptop GPU (ID=0x25a2)
    Vendor:   
    VRAM:     3965 MB
    Driver:   32.0.15.7260
Initialize mono
Mono path[0] = 'C:/Program Files/Unity/Hub/Editor/2020.3.6f1/Editor/Data/Managed'
Mono path[1] = 'C:/Program Files/Unity/Hub/Editor/2020.3.6f1/Editor/Data/MonoBleedingEdge/lib/mono/unityjit'
Mono config path = 'C:/Program Files/Unity/Hub/Editor/2020.3.6f1/Editor/Data/MonoBleedingEdge/etc'
Using monoOptions --debugger-agent=transport=dt_socket,embedding=1,server=y,suspend=n,address=127.0.0.1:56216
Begin MonoManager ReloadAssembly
Registering precompiled unity dll's ...
Register platform support module: C:/Program Files/Unity/Hub/Editor/2020.3.6f1/Editor/Data/PlaybackEngines/WindowsStandaloneSupport/UnityEditor.WindowsStandalone.Extensions.dll
Registered in 0.001425 seconds.
Native extension for WindowsStandalone target not found
Refreshing native plugins compatible for Editor in 46.95 ms, found 1 plugins.
Preloading 0 native plugins for Editor in 0.00 ms.
Mono: successfully reloaded assembly
- Completed reload, in  1.737 seconds
Platform modules already initialized, skipping
Registering precompiled user dll's ...
Registered in 0.001875 seconds.
Begin MonoManager ReloadAssembly
Native extension for WindowsStandalone target not found
Refreshing native plugins compatible for Editor in 46.10 ms, found 1 plugins.
Preloading 0 native plugins for Editor in 0.00 ms.
Mono: successfully reloaded assembly
- Completed reload, in  4.464 seconds
Platform modules already initialized, skipping
========================================================================
Worker process is ready to serve import requests
Launched and connected shader compiler UnityShaderCompiler.exe after 0.08 seconds
Refreshing native plugins compatible for Editor in 0.76 ms, found 1 plugins.
Preloading 0 native plugins for Editor in 0.00 ms.
Unloading 2244 Unused Serialized files (Serialized files now loaded: 0)
System memory in use before: 118.5 MB.
System memory in use after: 118.6 MB.

Unloading 22 unused Assets to reduce memory usage. Loaded Objects now: 2708.
Total: 1.987300 ms (FindLiveObjects: 0.342700 ms CreateObjectMapping: 0.116500 ms MarkObjects: 1.497200 ms  DeleteObjects: 0.029300 ms)

========================================================================
Received Import Request.
  path: Assets/Script/World/PlayerCombat.cs
  artifactKey: Guid(c8f980a54271e1540b830f761e9b3ad2) Importer(815301076,1909f56bfc062723c751e8b465ee728b)
Start importing Assets/Script/World/PlayerCombat.cs using Guid(c8f980a54271e1540b830f761e9b3ad2) Importer(815301076,1909f56bfc062723c751e8b465ee728b)  -> (artifact id: '3a814d6f8d51809e8aca6e477e1d4426') in 0.033636 seconds
  Import took 0.037151 seconds .

========================================================================
Received Import Request.
  Time since last request: 0.000246 seconds.
  path: Assets/Script/World/PlayerMovement.cs
  artifactKey: Guid(c4b7859f7d2afb04c889f2db8f0b0dbb) Importer(815301076,1909f56bfc062723c751e8b465ee728b)
Start importing Assets/Script/World/PlayerMovement.cs using Guid(c4b7859f7d2afb04c889f2db8f0b0dbb) Importer(815301076,1909f56bfc062723c751e8b465ee728b)  -> (artifact id: '5bc1c31a050b2251fbb35d747577da24') in 0.010390 seconds
  Import took 0.013975 seconds .

========================================================================
Received Import Request.
  Time since last request: 261.675436 seconds.
  path: Assets/Script/Manager/EffectManager.cs
  artifactKey: Guid(5f310366751ebc14a842750b46d8218f) Importer(815301076,1909f56bfc062723c751e8b465ee728b)
Start importing Assets/Script/Manager/EffectManager.cs using Guid(5f310366751ebc14a842750b46d8218f) Importer(815301076,1909f56bfc062723c751e8b465ee728b)  -> (artifact id: '1f4b1765665161af74653d84712b9a5d') in 0.010227 seconds
  Import took 0.014380 seconds .

========================================================================
Received Import Request.
  Time since last request: 0.004324 seconds.
  path: Assets/Script/Manager/EffectManager.cs
  artifactKey: Guid(5f310366751ebc14a842750b46d8218f) Importer(815301076,1909f56bfc062723c751e8b465ee728b)
Start importing Assets/Script/Manager/EffectManager.cs using Guid(5f310366751ebc14a842750b46d8218f) Importer(815301076,1909f56bfc062723c751e8b465ee728b)  -> (artifact id: '1f4b1765665161af74653d84712b9a5d') in 0.003036 seconds
  Import took 0.007144 seconds .

========================================================================
Received Prepare
Registering precompiled user dll's ...
Registered in 0.002158 seconds.
Begin MonoManager ReloadAssembly
Native extension for WindowsStandalone target not found
Refreshing native plugins compatible for Editor in 0.56 ms, found 1 plugins.
Preloading 0 native plugins for Editor in 0.00 ms.
Mono: successfully reloaded assembly
- Completed reload, in  0.737 seconds
Platform modules already initialized, skipping
Refreshing native plugins compatible for Editor in 0.88 ms, found 1 plugins.
Preloading 0 native plugins for Editor in 0.00 ms.
Unloading 2192 Unused Serialized files (Serialized files now loaded: 0)
System memory in use before: 113.8 MB.
System memory in use after: 113.9 MB.

Unloading 11 unused Assets to reduce memory usage. Loaded Objects now: 2711.
Total: 3.074500 ms (FindLiveObjects: 0.363900 ms CreateObjectMapping: 0.083000 ms MarkObjects: 2.594900 ms  DeleteObjects: 0.029100 ms)

========================================================================
Received Import Request.
  Time since last request: 571.515229 seconds.
  path: Assets/Script/World/SoulEffectObject.cs
  artifactKey: Guid(a397a89d6cc6f854e955d6f49891eac6) Importer(815301076,1909f56bfc062723c751e8b465ee728b)
Start importing Assets/Script/World/SoulEffectObject.cs using Guid(a397a89d6cc6f854e955d6f49891eac6) Importer(815301076,1909f56bfc062723c751e8b465ee728b)  -> (artifact id: '118188c714ebd1b13ba873e732413d9c') in 0.017760 seconds
  Import took 0.021951 seconds .

========================================================================
Received Prepare
Registering precompiled user dll's ...
Registered in 0.002778 seconds.
Begin MonoManager ReloadAssembly
Native extension for WindowsStandalone target not found
Refreshing native plugins compatible for Editor in 0.57 ms, found 1 plugins.
Preloading 0 native plugins for Editor in 0.00 ms.
Mono: successfully reloaded assembly
- Completed reload, in  0.919 seconds
Platform modules already initialized, skipping
Refreshing native plugins compatible for Editor in 1.06 ms, found 1 plugins.
Preloading 0 native plugins for Editor in 0.00 ms.
Unloading 2193 Unused Serialized files (Serialized files now loaded: 0)
System memory in use before: 113.9 MB.
System memory in use after: 114.0 MB.

Unloading 11 unused Assets to reduce memory usage. Loaded Objects now: 2715.
Total: 4.657900 ms (FindLiveObjects: 0.539100 ms CreateObjectMapping: 0.164800 ms MarkObjects: 3.912100 ms  DeleteObjects: 0.036200 ms)

========================================================================
Received Import Request.
  Time since last request: 10.296200 seconds.
  path: Assets/Script/World/SoulEffectObject.cs
  artifactKey: Guid(a397a89d6cc6f854e955d6f49891eac6) Importer(815301076,1909f56bfc062723c751e8b465ee728b)
Start importing Assets/Script/World/SoulEffectObject.cs using Guid(a397a89d6cc6f854e955d6f49891eac6) Importer(815301076,1909f56bfc062723c751e8b465ee728b)  -> (artifact id: '9291a9e1f8eb38c162977091962f0dbe') in 0.006221 seconds
  Import took 0.010501 seconds .

========================================================================
Received Prepare
Registering precompiled user dll's ...
Registered in 0.001895 seconds.
Begin MonoManager ReloadAssembly
Native extension for WindowsStandalone target not found
Refreshing native plugins compatible for Editor in 0.54 ms, found 1 plugins.
Preloading 0 native plugins for Editor in 0.00 ms.
Mono: successfully reloaded assembly
- Completed reload, in  0.688 seconds
Platform modules already initialized, skipping
Refreshing native plugins compatible for Editor in 0.81 ms, found 1 plugins.
Preloading 0 native plugins for Editor in 0.00 ms.
Unloading 2193 Unused Serialized files (Serialized files now loaded: 0)
System memory in use before: 114.0 MB.
System memory in use after: 114.1 MB.

Unloading 11 unused Assets to reduce memory usage. Loaded Objects now: 2718.
Total: 3.018200 ms (FindLiveObjects: 0.212600 ms CreateObjectMapping: 0.050500 ms MarkObjects: 2.726500 ms  DeleteObjects: 0.027000 ms)

========================================================================
Received Import Request.
  Time since last request: 60.996425 seconds.
  path: Assets/Resources/Prefabs/SoulEffectObject.prefab
  artifactKey: Guid(b9dd363db5a03ed4792a9b2158216448) Importer(815301076,1909f56bfc062723c751e8b465ee728b)
Start importing Assets/Resources/Prefabs/SoulEffectObject.prefab using Guid(b9dd363db5a03ed4792a9b2158216448) Importer(815301076,1909f56bfc062723c751e8b465ee728b)  -> (artifact id: 'd5a0f3da1ae03245f8cee6e9e55bbe3a') in 0.096941 seconds
  Import took 0.100504 seconds .

========================================================================
Received Prepare
Registering precompiled user dll's ...
Registered in 0.002106 seconds.
Begin MonoManager ReloadAssembly
Native extension for WindowsStandalone target not found
Refreshing native plugins compatible for Editor in 0.62 ms, found 1 plugins.
Preloading 0 native plugins for Editor in 0.00 ms.
Mono: successfully reloaded assembly
- Completed reload, in  0.694 seconds
Platform modules already initialized, skipping
Refreshing native plugins compatible for Editor in 0.82 ms, found 1 plugins.
Preloading 0 native plugins for Editor in 0.00 ms.
Unloading 2193 Unused Serialized files (Serialized files now loaded: 0)
System memory in use before: 117.1 MB.
System memory in use after: 117.3 MB.

Unloading 11 unused Assets to reduce memory usage. Loaded Objects now: 2728.
Total: 3.015900 ms (FindLiveObjects: 0.200500 ms CreateObjectMapping: 0.052400 ms MarkObjects: 2.711900 ms  DeleteObjects: 0.049300 ms)

========================================================================
Received Import Request.
  Time since last request: 120.010068 seconds.
  path: Assets/Resources/Prefabs/SoulEffectObject.prefab
  artifactKey: Guid(b9dd363db5a03ed4792a9b2158216448) Importer(815301076,1909f56bfc062723c751e8b465ee728b)
Start importing Assets/Resources/Prefabs/SoulEffectObject.prefab using Guid(b9dd363db5a03ed4792a9b2158216448) Importer(815301076,1909f56bfc062723c751e8b465ee728b)  -> (artifact id: '84c300d4ea199cf65c8ce627072fa881') in 0.084128 seconds
  Import took 0.089874 seconds .

========================================================================
Received Import Request.
  Time since last request: 4.015622 seconds.
  path: Assets/Resources/Prefabs/SoulEffectObject.prefab
  artifactKey: Guid(b9dd363db5a03ed4792a9b2158216448) Importer(815301076,1909f56bfc062723c751e8b465ee728b)
Start importing Assets/Resources/Prefabs/SoulEffectObject.prefab using Guid(b9dd363db5a03ed4792a9b2158216448) Importer(815301076,1909f56bfc062723c751e8b465ee728b)  -> (artifact id: '1c59262b4db718ef15c5a055f73183d7') in 0.022469 seconds
  Import took 0.026317 seconds .

========================================================================
Received Prepare
Registering precompiled user dll's ...
Registered in 0.002100 seconds.
Begin MonoManager ReloadAssembly
Native extension for WindowsStandalone target not found
Refreshing native plugins compatible for Editor in 0.52 ms, found 1 plugins.
Preloading 0 native plugins for Editor in 0.00 ms.
Mono: successfully reloaded assembly
- Completed reload, in  0.711 seconds
Platform modules already initialized, skipping
Refreshing native plugins compatible for Editor in 0.55 ms, found 1 plugins.
Preloading 0 native plugins for Editor in 0.00 ms.
Unloading 2193 Unused Serialized files (Serialized files now loaded: 0)
System memory in use before: 117.1 MB.
System memory in use after: 117.3 MB.

Unloading 11 unused Assets to reduce memory usage. Loaded Objects now: 2732.
Total: 2.996400 ms (FindLiveObjects: 0.421500 ms CreateObjectMapping: 0.127400 ms MarkObjects: 2.419300 ms  DeleteObjects: 0.025400 ms)

========================================================================
Received Prepare
Registering precompiled user dll's ...
Registered in 0.002534 seconds.
Begin MonoManager ReloadAssembly
Native extension for WindowsStandalone target not found
Refreshing native plugins compatible for Editor in 0.52 ms, found 1 plugins.
Preloading 0 native plugins for Editor in 0.00 ms.
Mono: successfully reloaded assembly
- Completed reload, in  0.758 seconds
Platform modules already initialized, skipping
Refreshing native plugins compatible for Editor in 0.85 ms, found 1 plugins.
Preloading 0 native plugins for Editor in 0.00 ms.
Unloading 2193 Unused Serialized files (Serialized files now loaded: 0)
System memory in use before: 117.1 MB.
System memory in use after: 117.3 MB.

Unloading 11 unused Assets to reduce memory usage. Loaded Objects now: 2735.
Total: 3.499700 ms (FindLiveObjects: 0.436400 ms CreateObjectMapping: 0.154100 ms MarkObjects: 2.871300 ms  DeleteObjects: 0.035600 ms)

========================================================================
Received Prepare
Registering precompiled user dll's ...
Registered in 0.002792 seconds.
Begin MonoManager ReloadAssembly
Native extension for WindowsStandalone target not found
Refreshing native plugins compatible for Editor in 0.50 ms, found 1 plugins.
Preloading 0 native plugins for Editor in 0.00 ms.
Mono: successfully reloaded assembly
- Completed reload, in  0.716 seconds
Platform modules already initialized, skipping
Refreshing native plugins compatible for Editor in 0.72 ms, found 1 plugins.
Preloading 0 native plugins for Editor in 0.00 ms.
Unloading 2193 Unused Serialized files (Serialized files now loaded: 0)
System memory in use before: 117.0 MB.
System memory in use after: 117.2 MB.

Unloading 11 unused Assets to reduce memory usage. Loaded Objects now: 2738.
Total: 3.127000 ms (FindLiveObjects: 0.292800 ms CreateObjectMapping: 0.073700 ms MarkObjects: 2.731900 ms  DeleteObjects: 0.027000 ms)

========================================================================
Received Prepare
Registering precompiled user dll's ...
Registered in 0.002653 seconds.
Begin MonoManager ReloadAssembly
Native extension for WindowsStandalone target not found
Refreshing native plugins compatible for Editor in 0.76 ms, found 1 plugins.
Preloading 0 native plugins for Editor in 0.00 ms.
Mono: successfully reloaded assembly
- Completed reload, in  0.731 seconds
Platform modules already initialized, skipping
Refreshing native plugins compatible for Editor in 0.76 ms, found 1 plugins.
Preloading 0 native plugins for Editor in 0.00 ms.
Unloading 2193 Unused Serialized files (Serialized files now loaded: 0)
System memory in use before: 117.0 MB.
System memory in use after: 117.2 MB.

Unloading 11 unused Assets to reduce memory usage. Loaded Objects now: 2741.
Total: 3.493700 ms (FindLiveObjects: 0.414800 ms CreateObjectMapping: 0.131500 ms MarkObjects: 2.907100 ms  DeleteObjects: 0.038800 ms)

========================================================================
Received Prepare
Registering precompiled user dll's ...
Registered in 0.002032 seconds.
Begin MonoManager ReloadAssembly
Native extension for WindowsStandalone target not found
Refreshing native plugins compatible for Editor in 1.07 ms, found 1 plugins.
Preloading 0 native plugins for Editor in 0.00 ms.
Mono: successfully reloaded assembly
- Completed reload, in  0.760 seconds
Platform modules already initialized, skipping
Refreshing native plugins compatible for Editor in 0.59 ms, found 1 plugins.
Preloading 0 native plugins for Editor in 0.00 ms.
Unloading 2193 Unused Serialized files (Serialized files now loaded: 0)
System memory in use before: 117.0 MB.
System memory in use after: 117.3 MB.

Unloading 11 unused Assets to reduce memory usage. Loaded Objects now: 2744.
Total: 2.956600 ms (FindLiveObjects: 0.427100 ms CreateObjectMapping: 0.152600 ms MarkObjects: 2.348900 ms  DeleteObjects: 0.026300 ms)

========================================================================
Received Prepare
Registering precompiled user dll's ...
Registered in 0.002490 seconds.
Begin MonoManager ReloadAssembly
Native extension for WindowsStandalone target not found
Refreshing native plugins compatible for Editor in 0.59 ms, found 1 plugins.
Preloading 0 native plugins for Editor in 0.00 ms.
Mono: successfully reloaded assembly
- Completed reload, in  0.774 seconds
Platform modules already initialized, skipping
Refreshing native plugins compatible for Editor in 0.84 ms, found 1 plugins.
Preloading 0 native plugins for Editor in 0.00 ms.
Unloading 2193 Unused Serialized files (Serialized files now loaded: 0)
System memory in use before: 117.0 MB.
System memory in use after: 117.3 MB.

Unloading 11 unused Assets to reduce memory usage. Loaded Objects now: 2747.
Total: 2.696400 ms (FindLiveObjects: 0.358600 ms CreateObjectMapping: 0.138600 ms MarkObjects: 2.168700 ms  DeleteObjects: 0.028500 ms)

========================================================================
Received Prepare
Registering precompiled user dll's ...
Registered in 0.003053 seconds.
Begin MonoManager ReloadAssembly
Native extension for WindowsStandalone target not found
Refreshing native plugins compatible for Editor in 0.55 ms, found 1 plugins.
Preloading 0 native plugins for Editor in 0.00 ms.
Mono: successfully reloaded assembly
- Completed reload, in  0.778 seconds
Platform modules already initialized, skipping
Refreshing native plugins compatible for Editor in 0.56 ms, found 1 plugins.
Preloading 0 native plugins for Editor in 0.00 ms.
Unloading 2193 Unused Serialized files (Serialized files now loaded: 0)
System memory in use before: 117.1 MB.
System memory in use after: 117.3 MB.

Unloading 11 unused Assets to reduce memory usage. Loaded Objects now: 2750.
Total: 2.277800 ms (FindLiveObjects: 0.350200 ms CreateObjectMapping: 0.110900 ms MarkObjects: 1.785100 ms  DeleteObjects: 0.030200 ms)

========================================================================
Received Import Request.
  Time since last request: 334.496677 seconds.
  path: Assets/Resources/Prefabs/SoulEffectObject.prefab
  artifactKey: Guid(b9dd363db5a03ed4792a9b2158216448) Importer(815301076,1909f56bfc062723c751e8b465ee728b)
Start importing Assets/Resources/Prefabs/SoulEffectObject.prefab using Guid(b9dd363db5a03ed4792a9b2158216448) Importer(815301076,1909f56bfc062723c751e8b465ee728b)  -> (artifact id: 'd83bcc0176fc92286170377413dc4e85') in 0.056680 seconds
  Import took 0.061219 seconds .

========================================================================
Received Import Request.
  Time since last request: 0.012014 seconds.
  path: Assets/Resources/Prefabs/SoulEffectObject.prefab
  artifactKey: Guid(b9dd363db5a03ed4792a9b2158216448) Importer(815301076,1909f56bfc062723c751e8b465ee728b)
Start importing Assets/Resources/Prefabs/SoulEffectObject.prefab using Guid(b9dd363db5a03ed4792a9b2158216448) Importer(815301076,1909f56bfc062723c751e8b465ee728b)  -> (artifact id: 'd83bcc0176fc92286170377413dc4e85') in 0.008942 seconds
  Import took 0.013231 seconds .

========================================================================
Received Prepare
Registering precompiled user dll's ...
Registered in 0.002469 seconds.
Begin MonoManager ReloadAssembly
Native extension for WindowsStandalone target not found
Refreshing native plugins compatible for Editor in 0.90 ms, found 1 plugins.
Preloading 0 native plugins for Editor in 0.00 ms.
Mono: successfully reloaded assembly
- Completed reload, in  0.937 seconds
Platform modules already initialized, skipping
Refreshing native plugins compatible for Editor in 0.88 ms, found 1 plugins.
Preloading 0 native plugins for Editor in 0.00 ms.
Unloading 2193 Unused Serialized files (Serialized files now loaded: 0)
System memory in use before: 117.2 MB.
System memory in use after: 117.4 MB.

Unloading 11 unused Assets to reduce memory usage. Loaded Objects now: 2754.
Total: 3.432200 ms (FindLiveObjects: 0.351500 ms CreateObjectMapping: 0.116300 ms MarkObjects: 2.931100 ms  DeleteObjects: 0.031200 ms)

========================================================================
Received Prepare
Registering precompiled user dll's ...
Registered in 0.002047 seconds.
Begin MonoManager ReloadAssembly
Native extension for WindowsStandalone target not found
Refreshing native plugins compatible for Editor in 0.52 ms, found 1 plugins.
Preloading 0 native plugins for Editor in 0.00 ms.
Mono: successfully reloaded assembly
- Completed reload, in  0.733 seconds
Platform modules already initialized, skipping
Refreshing native plugins compatible for Editor in 0.61 ms, found 1 plugins.
Preloading 0 native plugins for Editor in 0.00 ms.
Unloading 2193 Unused Serialized files (Serialized files now loaded: 0)
System memory in use before: 117.2 MB.
System memory in use after: 117.4 MB.

Unloading 11 unused Assets to reduce memory usage. Loaded Objects now: 2757.
Total: 3.199600 ms (FindLiveObjects: 0.380800 ms CreateObjectMapping: 0.150800 ms MarkObjects: 2.637500 ms  DeleteObjects: 0.028800 ms)

========================================================================
Received Prepare
Registering precompiled user dll's ...
Registered in 0.002777 seconds.
Begin MonoManager ReloadAssembly
Native extension for WindowsStandalone target not found
Refreshing native plugins compatible for Editor in 0.53 ms, found 1 plugins.
Preloading 0 native plugins for Editor in 0.00 ms.
Mono: successfully reloaded assembly
- Completed reload, in  0.700 seconds
Platform modules already initialized, skipping
Refreshing native plugins compatible for Editor in 0.80 ms, found 1 plugins.
Preloading 0 native plugins for Editor in 0.00 ms.
Unloading 2193 Unused Serialized files (Serialized files now loaded: 0)
System memory in use before: 117.2 MB.
System memory in use after: 117.4 MB.

Unloading 11 unused Assets to reduce memory usage. Loaded Objects now: 2760.
Total: 3.849000 ms (FindLiveObjects: 0.447400 ms CreateObjectMapping: 0.184300 ms MarkObjects: 3.179400 ms  DeleteObjects: 0.035300 ms)

========================================================================
Received Import Request.
  Time since last request: 139.889015 seconds.
  path: Assets/Resources/Prefabs/SoulEffectObject.prefab
  artifactKey: Guid(b9dd363db5a03ed4792a9b2158216448) Importer(815301076,1909f56bfc062723c751e8b465ee728b)
Start importing Assets/Resources/Prefabs/SoulEffectObject.prefab using Guid(b9dd363db5a03ed4792a9b2158216448) Importer(815301076,1909f56bfc062723c751e8b465ee728b)  -> (artifact id: '1e243581ba3a4cd5a3c7d1946a767ed4') in 0.077087 seconds
  Import took 0.083170 seconds .

========================================================================
Received Prepare
Registering precompiled user dll's ...
Registered in 0.003012 seconds.
Begin MonoManager ReloadAssembly
Native extension for WindowsStandalone target not found
Refreshing native plugins compatible for Editor in 0.81 ms, found 1 plugins.
Preloading 0 native plugins for Editor in 0.00 ms.
Mono: successfully reloaded assembly
- Completed reload, in  0.918 seconds
Platform modules already initialized, skipping
Refreshing native plugins compatible for Editor in 0.82 ms, found 1 plugins.
Preloading 0 native plugins for Editor in 0.00 ms.
Unloading 2193 Unused Serialized files (Serialized files now loaded: 0)
System memory in use before: 117.2 MB.
System memory in use after: 117.4 MB.

Unloading 11 unused Assets to reduce memory usage. Loaded Objects now: 2764.
Total: 4.154700 ms (FindLiveObjects: 0.226600 ms CreateObjectMapping: 0.134900 ms MarkObjects: 3.749300 ms  DeleteObjects: 0.040100 ms)

========================================================================
Received Prepare
Registering precompiled user dll's ...
Registered in 0.003407 seconds.
Begin MonoManager ReloadAssembly
Native extension for WindowsStandalone target not found
Refreshing native plugins compatible for Editor in 0.68 ms, found 1 plugins.
Preloading 0 native plugins for Editor in 0.00 ms.
Mono: successfully reloaded assembly
- Completed reload, in  0.881 seconds
Platform modules already initialized, skipping
Refreshing native plugins compatible for Editor in 0.85 ms, found 1 plugins.
Preloading 0 native plugins for Editor in 0.00 ms.
Unloading 2193 Unused Serialized files (Serialized files now loaded: 0)
System memory in use before: 117.1 MB.
System memory in use after: 117.3 MB.

Unloading 11 unused Assets to reduce memory usage. Loaded Objects now: 2767.
Total: 3.735600 ms (FindLiveObjects: 0.493400 ms CreateObjectMapping: 0.187400 ms MarkObjects: 2.989900 ms  DeleteObjects: 0.061300 ms)

========================================================================
Received Prepare
Registering precompiled user dll's ...
Registered in 0.001956 seconds.
Begin MonoManager ReloadAssembly
Native extension for WindowsStandalone target not found
Refreshing native plugins compatible for Editor in 0.54 ms, found 1 plugins.
Preloading 0 native plugins for Editor in 0.00 ms.
Mono: successfully reloaded assembly
- Completed reload, in  0.677 seconds
Platform modules already initialized, skipping
Refreshing native plugins compatible for Editor in 0.83 ms, found 1 plugins.
Preloading 0 native plugins for Editor in 0.00 ms.
Unloading 2193 Unused Serialized files (Serialized files now loaded: 0)
System memory in use before: 117.2 MB.
System memory in use after: 117.4 MB.

Unloading 11 unused Assets to reduce memory usage. Loaded Objects now: 2770.
Total: 3.583500 ms (FindLiveObjects: 0.377100 ms CreateObjectMapping: 0.124700 ms MarkObjects: 3.029300 ms  DeleteObjects: 0.050600 ms)

========================================================================
Received Prepare
Registering precompiled user dll's ...
Registered in 0.002710 seconds.
Begin MonoManager ReloadAssembly
Native extension for WindowsStandalone target not found
Refreshing native plugins compatible for Editor in 0.66 ms, found 1 plugins.
Preloading 0 native plugins for Editor in 0.00 ms.
Mono: successfully reloaded assembly
- Completed reload, in  0.710 seconds
Platform modules already initialized, skipping
Refreshing native plugins compatible for Editor in 0.63 ms, found 1 plugins.
Preloading 0 native plugins for Editor in 0.00 ms.
Unloading 2193 Unused Serialized files (Serialized files now loaded: 0)
System memory in use before: 117.3 MB.
System memory in use after: 117.5 MB.

Unloading 11 unused Assets to reduce memory usage. Loaded Objects now: 2773.
Total: 4.983700 ms (FindLiveObjects: 0.366400 ms CreateObjectMapping: 0.118500 ms MarkObjects: 4.229600 ms  DeleteObjects: 0.267400 ms)

========================================================================
Received Prepare
Registering precompiled user dll's ...
Registered in 0.002110 seconds.
Begin MonoManager ReloadAssembly
Native extension for WindowsStandalone target not found
Refreshing native plugins compatible for Editor in 0.70 ms, found 1 plugins.
Preloading 0 native plugins for Editor in 0.00 ms.
Mono: successfully reloaded assembly
- Completed reload, in  0.755 seconds
Platform modules already initialized, skipping
Refreshing native plugins compatible for Editor in 0.57 ms, found 1 plugins.
Preloading 0 native plugins for Editor in 0.00 ms.
Unloading 2193 Unused Serialized files (Serialized files now loaded: 0)
System memory in use before: 117.3 MB.
System memory in use after: 117.5 MB.

Unloading 11 unused Assets to reduce memory usage. Loaded Objects now: 2776.
Total: 3.040200 ms (FindLiveObjects: 0.340000 ms CreateObjectMapping: 0.106100 ms MarkObjects: 2.563600 ms  DeleteObjects: 0.028800 ms)

========================================================================
Received Prepare
Registering precompiled user dll's ...
Registered in 0.002214 seconds.
Begin MonoManager ReloadAssembly
Native extension for WindowsStandalone target not found
Refreshing native plugins compatible for Editor in 0.54 ms, found 1 plugins.
Preloading 0 native plugins for Editor in 0.00 ms.
Mono: successfully reloaded assembly
- Completed reload, in  0.719 seconds
Platform modules already initialized, skipping
Refreshing native plugins compatible for Editor in 1.45 ms, found 1 plugins.
Preloading 0 native plugins for Editor in 0.00 ms.
Unloading 2193 Unused Serialized files (Serialized files now loaded: 0)
System memory in use before: 117.3 MB.
System memory in use after: 117.6 MB.

Unloading 11 unused Assets to reduce memory usage. Loaded Objects now: 2779.
Total: 2.936300 ms (FindLiveObjects: 0.368400 ms CreateObjectMapping: 0.142800 ms MarkObjects: 2.398700 ms  DeleteObjects: 0.024700 ms)

========================================================================
Received Prepare
Registering precompiled user dll's ...
Registered in 0.002732 seconds.
Begin MonoManager ReloadAssembly
Native extension for WindowsStandalone target not found
Refreshing native plugins compatible for Editor in 0.83 ms, found 1 plugins.
Preloading 0 native plugins for Editor in 0.00 ms.
Mono: successfully reloaded assembly
- Completed reload, in  0.994 seconds
Platform modules already initialized, skipping
Refreshing native plugins compatible for Editor in 0.60 ms, found 1 plugins.
Preloading 0 native plugins for Editor in 0.00 ms.
Unloading 2193 Unused Serialized files (Serialized files now loaded: 0)
System memory in use before: 117.2 MB.
System memory in use after: 117.5 MB.

Unloading 11 unused Assets to reduce memory usage. Loaded Objects now: 2782.
Total: 2.204600 ms (FindLiveObjects: 0.269900 ms CreateObjectMapping: 0.054800 ms MarkObjects: 1.835900 ms  DeleteObjects: 0.042700 ms)

========================================================================
Received Prepare
Registering precompiled user dll's ...
Registered in 0.002720 seconds.
Begin MonoManager ReloadAssembly
Native extension for WindowsStandalone target not found
Refreshing native plugins compatible for Editor in 0.58 ms, found 1 plugins.
Preloading 0 native plugins for Editor in 0.00 ms.
Mono: successfully reloaded assembly
- Completed reload, in  0.827 seconds
Platform modules already initialized, skipping
Refreshing native plugins compatible for Editor in 0.87 ms, found 1 plugins.
Preloading 0 native plugins for Editor in 0.00 ms.
Unloading 2193 Unused Serialized files (Serialized files now loaded: 0)
System memory in use before: 117.2 MB.
System memory in use after: 117.5 MB.

Unloading 11 unused Assets to reduce memory usage. Loaded Objects now: 2785.
Total: 4.198300 ms (FindLiveObjects: 1.467100 ms CreateObjectMapping: 0.141100 ms MarkObjects: 2.552700 ms  DeleteObjects: 0.033700 ms)

========================================================================
Received Prepare
Registering precompiled user dll's ...
Registered in 0.001945 seconds.
Begin MonoManager ReloadAssembly
Native extension for WindowsStandalone target not found
Refreshing native plugins compatible for Editor in 0.57 ms, found 1 plugins.
Preloading 0 native plugins for Editor in 0.00 ms.
Mono: successfully reloaded assembly
- Completed reload, in  0.695 seconds
Platform modules already initialized, skipping
Refreshing native plugins compatible for Editor in 0.82 ms, found 1 plugins.
Preloading 0 native plugins for Editor in 0.00 ms.
Unloading 2193 Unused Serialized files (Serialized files now loaded: 0)
System memory in use before: 117.3 MB.
System memory in use after: 117.5 MB.

Unloading 11 unused Assets to reduce memory usage. Loaded Objects now: 2788.
Total: 3.929100 ms (FindLiveObjects: 0.338900 ms CreateObjectMapping: 0.134400 ms MarkObjects: 3.424700 ms  DeleteObjects: 0.029100 ms)

========================================================================
Received Prepare
Registering precompiled user dll's ...
Registered in 0.001904 seconds.
Begin MonoManager ReloadAssembly
Native extension for WindowsStandalone target not found
Refreshing native plugins compatible for Editor in 0.52 ms, found 1 plugins.
Preloading 0 native plugins for Editor in 0.00 ms.
Mono: successfully reloaded assembly
- Completed reload, in  0.712 seconds
Platform modules already initialized, skipping
Refreshing native plugins compatible for Editor in 0.88 ms, found 1 plugins.
Preloading 0 native plugins for Editor in 0.00 ms.
Unloading 2193 Unused Serialized files (Serialized files now loaded: 0)
System memory in use before: 117.4 MB.
System memory in use after: 117.6 MB.

Unloading 11 unused Assets to reduce memory usage. Loaded Objects now: 2791.
Total: 2.531600 ms (FindLiveObjects: 0.404300 ms CreateObjectMapping: 0.149600 ms MarkObjects: 1.950300 ms  DeleteObjects: 0.024300 ms)

========================================================================
Received Prepare
Registering precompiled user dll's ...
Registered in 0.002021 seconds.
Begin MonoManager ReloadAssembly
Native extension for WindowsStandalone target not found
Refreshing native plugins compatible for Editor in 0.52 ms, found 1 plugins.
Preloading 0 native plugins for Editor in 0.00 ms.
Mono: successfully reloaded assembly
- Completed reload, in  0.772 seconds
Platform modules already initialized, skipping
Refreshing native plugins compatible for Editor in 0.81 ms, found 1 plugins.
Preloading 0 native plugins for Editor in 0.00 ms.
Unloading 2193 Unused Serialized files (Serialized files now loaded: 0)
System memory in use before: 117.4 MB.
System memory in use after: 117.6 MB.

Unloading 11 unused Assets to reduce memory usage. Loaded Objects now: 2794.
Total: 3.548400 ms (FindLiveObjects: 0.400200 ms CreateObjectMapping: 0.121700 ms MarkObjects: 2.989900 ms  DeleteObjects: 0.033800 ms)

========================================================================
Received Prepare
Registering precompiled user dll's ...
Registered in 0.002425 seconds.
Begin MonoManager ReloadAssembly
Native extension for WindowsStandalone target not found
Refreshing native plugins compatible for Editor in 0.53 ms, found 1 plugins.
Preloading 0 native plugins for Editor in 0.00 ms.
Mono: successfully reloaded assembly
- Completed reload, in  0.695 seconds
Platform modules already initialized, skipping
Refreshing native plugins compatible for Editor in 0.79 ms, found 1 plugins.
Preloading 0 native plugins for Editor in 0.00 ms.
Unloading 2193 Unused Serialized files (Serialized files now loaded: 0)
System memory in use before: 117.4 MB.
System memory in use after: 117.6 MB.

Unloading 11 unused Assets to reduce memory usage. Loaded Objects now: 2797.
Total: 3.012700 ms (FindLiveObjects: 0.425100 ms CreateObjectMapping: 0.126200 ms MarkObjects: 2.418600 ms  DeleteObjects: 0.039300 ms)

========================================================================
Received Prepare
Registering precompiled user dll's ...
Registered in 0.002119 seconds.
Begin MonoManager ReloadAssembly
Native extension for WindowsStandalone target not found
Refreshing native plugins compatible for Editor in 0.52 ms, found 1 plugins.
Preloading 0 native plugins for Editor in 0.00 ms.
Mono: successfully reloaded assembly
- Completed reload, in  0.735 seconds
Platform modules already initialized, skipping
Refreshing native plugins compatible for Editor in 0.88 ms, found 1 plugins.
Preloading 0 native plugins for Editor in 0.00 ms.
Unloading 2193 Unused Serialized files (Serialized files now loaded: 0)
System memory in use before: 117.4 MB.
System memory in use after: 117.6 MB.

Unloading 11 unused Assets to reduce memory usage. Loaded Objects now: 2800.
Total: 2.796300 ms (FindLiveObjects: 0.202100 ms CreateObjectMapping: 0.059800 ms MarkObjects: 2.506700 ms  DeleteObjects: 0.026200 ms)

========================================================================
Received Prepare
Registering precompiled user dll's ...
Registered in 0.003203 seconds.
Begin MonoManager ReloadAssembly
Native extension for WindowsStandalone target not found
Refreshing native plugins compatible for Editor in 0.59 ms, found 1 plugins.
Preloading 0 native plugins for Editor in 0.00 ms.
Mono: successfully reloaded assembly
- Completed reload, in  0.771 seconds
Platform modules already initialized, skipping
Refreshing native plugins compatible for Editor in 0.84 ms, found 1 plugins.
Preloading 0 native plugins for Editor in 0.00 ms.
Unloading 2193 Unused Serialized files (Serialized files now loaded: 0)
System memory in use before: 117.3 MB.
System memory in use after: 117.5 MB.

Unloading 11 unused Assets to reduce memory usage. Loaded Objects now: 2803.
Total: 3.816100 ms (FindLiveObjects: 0.381100 ms CreateObjectMapping: 0.133400 ms MarkObjects: 3.263400 ms  DeleteObjects: 0.036200 ms)

========================================================================
Received Prepare
Registering precompiled user dll's ...
Registered in 0.001983 seconds.
Begin MonoManager ReloadAssembly
Native extension for WindowsStandalone target not found
Refreshing native plugins compatible for Editor in 0.61 ms, found 1 plugins.
Preloading 0 native plugins for Editor in 0.00 ms.
Mono: successfully reloaded assembly
- Completed reload, in  0.924 seconds
Platform modules already initialized, skipping
Refreshing native plugins compatible for Editor in 0.74 ms, found 1 plugins.
Preloading 0 native plugins for Editor in 0.00 ms.
Unloading 2193 Unused Serialized files (Serialized files now loaded: 0)
System memory in use before: 117.4 MB.
System memory in use after: 117.6 MB.

Unloading 11 unused Assets to reduce memory usage. Loaded Objects now: 2806.
Total: 3.110700 ms (FindLiveObjects: 0.352800 ms CreateObjectMapping: 0.115600 ms MarkObjects: 2.609200 ms  DeleteObjects: 0.030000 ms)

========================================================================
Received Prepare
Registering precompiled user dll's ...
Registered in 0.002910 seconds.
Begin MonoManager ReloadAssembly
Native extension for WindowsStandalone target not found
Refreshing native plugins compatible for Editor in 0.56 ms, found 1 plugins.
Preloading 0 native plugins for Editor in 0.00 ms.
Mono: successfully reloaded assembly
- Completed reload, in  0.714 seconds
Platform modules already initialized, skipping
Refreshing native plugins compatible for Editor in 1.05 ms, found 1 plugins.
Preloading 0 native plugins for Editor in 0.00 ms.
Unloading 2193 Unused Serialized files (Serialized files now loaded: 0)
System memory in use before: 117.4 MB.
System memory in use after: 117.6 MB.

Unloading 11 unused Assets to reduce memory usage. Loaded Objects now: 2809.
Total: 3.130500 ms (FindLiveObjects: 0.343700 ms CreateObjectMapping: 0.090600 ms MarkObjects: 2.662900 ms  DeleteObjects: 0.031000 ms)

========================================================================
Received Prepare
Registering precompiled user dll's ...
Registered in 0.002236 seconds.
Begin MonoManager ReloadAssembly
Native extension for WindowsStandalone target not found
Refreshing native plugins compatible for Editor in 0.61 ms, found 1 plugins.
Preloading 0 native plugins for Editor in 0.00 ms.
Mono: successfully reloaded assembly
- Completed reload, in  0.740 seconds
Platform modules already initialized, skipping
Refreshing native plugins compatible for Editor in 0.78 ms, found 1 plugins.
Preloading 0 native plugins for Editor in 0.00 ms.
Unloading 2193 Unused Serialized files (Serialized files now loaded: 0)
System memory in use before: 117.4 MB.
System memory in use after: 117.6 MB.

Unloading 11 unused Assets to reduce memory usage. Loaded Objects now: 2812.
Total: 2.877000 ms (FindLiveObjects: 0.354300 ms CreateObjectMapping: 0.109100 ms MarkObjects: 2.382700 ms  DeleteObjects: 0.029300 ms)

========================================================================
Received Prepare
Registering precompiled user dll's ...
Registered in 0.002060 seconds.
Begin MonoManager ReloadAssembly
Native extension for WindowsStandalone target not found
Refreshing native plugins compatible for Editor in 0.63 ms, found 1 plugins.
Preloading 0 native plugins for Editor in 0.00 ms.
Mono: successfully reloaded assembly
- Completed reload, in  0.843 seconds
Platform modules already initialized, skipping
Refreshing native plugins compatible for Editor in 0.85 ms, found 1 plugins.
Preloading 0 native plugins for Editor in 0.00 ms.
Unloading 2193 Unused Serialized files (Serialized files now loaded: 0)
System memory in use before: 117.4 MB.
System memory in use after: 117.6 MB.

Unloading 11 unused Assets to reduce memory usage. Loaded Objects now: 2815.
Total: 3.201200 ms (FindLiveObjects: 0.318500 ms CreateObjectMapping: 0.134200 ms MarkObjects: 2.720900 ms  DeleteObjects: 0.025900 ms)

========================================================================
Received Prepare
Registering precompiled user dll's ...
Registered in 0.002173 seconds.
Begin MonoManager ReloadAssembly
Native extension for WindowsStandalone target not found
Refreshing native plugins compatible for Editor in 0.50 ms, found 1 plugins.
Preloading 0 native plugins for Editor in 0.00 ms.
Mono: successfully reloaded assembly
- Completed reload, in  0.773 seconds
Platform modules already initialized, skipping
Refreshing native plugins compatible for Editor in 0.82 ms, found 1 plugins.
Preloading 0 native plugins for Editor in 0.00 ms.
Unloading 2193 Unused Serialized files (Serialized files now loaded: 0)
System memory in use before: 117.3 MB.
System memory in use after: 117.6 MB.

Unloading 11 unused Assets to reduce memory usage. Loaded Objects now: 2818.
Total: 2.689500 ms (FindLiveObjects: 0.352500 ms CreateObjectMapping: 0.110700 ms MarkObjects: 2.191300 ms  DeleteObjects: 0.033000 ms)

========================================================================
Received Prepare
Registering precompiled user dll's ...
Registered in 0.001837 seconds.
Begin MonoManager ReloadAssembly
Native extension for WindowsStandalone target not found
Refreshing native plugins compatible for Editor in 0.51 ms, found 1 plugins.
Preloading 0 native plugins for Editor in 0.00 ms.
Mono: successfully reloaded assembly
- Completed reload, in  0.689 seconds
Platform modules already initialized, skipping
Refreshing native plugins compatible for Editor in 0.56 ms, found 1 plugins.
Preloading 0 native plugins for Editor in 0.00 ms.
Unloading 2193 Unused Serialized files (Serialized files now loaded: 0)
System memory in use before: 117.3 MB.
System memory in use after: 117.6 MB.

Unloading 11 unused Assets to reduce memory usage. Loaded Objects now: 2821.
Total: 2.787300 ms (FindLiveObjects: 0.195900 ms CreateObjectMapping: 0.059700 ms MarkObjects: 2.498200 ms  DeleteObjects: 0.031700 ms)

========================================================================
Received Prepare
Registering precompiled user dll's ...
Registered in 0.001945 seconds.
Begin MonoManager ReloadAssembly
Native extension for WindowsStandalone target not found
Refreshing native plugins compatible for Editor in 0.56 ms, found 1 plugins.
Preloading 0 native plugins for Editor in 0.00 ms.
Mono: successfully reloaded assembly
- Completed reload, in  0.700 seconds
Platform modules already initialized, skipping
Refreshing native plugins compatible for Editor in 0.83 ms, found 1 plugins.
Preloading 0 native plugins for Editor in 0.00 ms.
Unloading 2193 Unused Serialized files (Serialized files now loaded: 0)
System memory in use before: 117.4 MB.
System memory in use after: 117.6 MB.

Unloading 11 unused Assets to reduce memory usage. Loaded Objects now: 2824.
Total: 3.369000 ms (FindLiveObjects: 0.354700 ms CreateObjectMapping: 0.127700 ms MarkObjects: 2.847900 ms  DeleteObjects: 0.037000 ms)

AssetImportWorkerClient::OnTransportError - code=2 error=End of file
