Using pre-set license
Built from '2020.3/staging' branch; Version is '2020.3.6f1 (338bb68529b2) revision 3378102'; Using compiler version '192528614'; Build Type 'Release'
OS: 'Windows 10 Pro; OS build 26100.4652; Version 2009; 64bit' Language: 'ko' Physical Memory: 32469 MB
BatchMode: 1, IsHumanControllingUs: 0, StartBugReporterOnCrash: 0, Is64bit: 1, IsPro: 0

 COMMAND LINE ARGUMENTS:
C:\Program Files\Unity\Hub\Editor\2020.3.6f1\Editor\Unity.exe
-adb2
-batchMode
-noUpm
-name
AssetImportWorker1
-projectPath
C:/Users/MSI/Documents/GitHub/Undertale_yellow/Framework
-logFile
Logs/AssetImportWorker1.log
-srvPort
49983
Successfully changed project path to: C:/Users/MSI/Documents/GitHub/Undertale_yellow/Framework
C:/Users/MSI/Documents/GitHub/Undertale_yellow/Framework
Using Asset Import Pipeline V2.
Refreshing native plugins compatible for Editor in 69.22 ms, found 1 plugins.
Preloading 0 native plugins for Editor in 0.00 ms.
Initialize engine version: 2020.3.6f1 (338bb68529b2)
[Subsystems] Discovering subsystems at path C:/Program Files/Unity/Hub/Editor/2020.3.6f1/Editor/Data/Resources/UnitySubsystems
[Subsystems] Discovering subsystems at path C:/Users/MSI/Documents/GitHub/Undertale_yellow/Framework/Assets
GfxDevice: creating device client; threaded=0
Direct3D:
    Version:  Direct3D 11.0 [level 11.1]
    Renderer: NVIDIA GeForce RTX 3050 Laptop GPU (ID=0x25a2)
    Vendor:   
    VRAM:     3965 MB
    Driver:   32.0.15.7260
Shader 'Universal Render Pipeline/Particles/Lit': fallback shader 'Universal Render Pipeline/Particles/SimpleLit' not found
Initialize mono
Mono path[0] = 'C:/Program Files/Unity/Hub/Editor/2020.3.6f1/Editor/Data/Managed'
Mono path[1] = 'C:/Program Files/Unity/Hub/Editor/2020.3.6f1/Editor/Data/MonoBleedingEdge/lib/mono/unityjit'
Mono config path = 'C:/Program Files/Unity/Hub/Editor/2020.3.6f1/Editor/Data/MonoBleedingEdge/etc'
Using monoOptions --debugger-agent=transport=dt_socket,embedding=1,server=y,suspend=n,address=127.0.0.1:56404
Begin MonoManager ReloadAssembly
Registering precompiled unity dll's ...
Register platform support module: C:/Program Files/Unity/Hub/Editor/2020.3.6f1/Editor/Data/PlaybackEngines/WindowsStandaloneSupport/UnityEditor.WindowsStandalone.Extensions.dll
Registered in 0.001390 seconds.
Native extension for WindowsStandalone target not found
Refreshing native plugins compatible for Editor in 81.88 ms, found 1 plugins.
Preloading 0 native plugins for Editor in 0.00 ms.
Mono: successfully reloaded assembly
- Completed reload, in  2.386 seconds
Platform modules already initialized, skipping
Registering precompiled user dll's ...
Registered in 0.007830 seconds.
Begin MonoManager ReloadAssembly
Native extension for WindowsStandalone target not found
Refreshing native plugins compatible for Editor in 62.06 ms, found 1 plugins.
Preloading 0 native plugins for Editor in 0.00 ms.
Mono: successfully reloaded assembly
- Completed reload, in  0.829 seconds
Platform modules already initialized, skipping
========================================================================
Worker process is ready to serve import requests
Shader 'Universal Render Pipeline/Particles/Lit': fallback shader 'Universal Render Pipeline/Particles/SimpleLit' not found
Launched and connected shader compiler UnityShaderCompiler.exe after 0.11 seconds
Refreshing native plugins compatible for Editor in 0.92 ms, found 1 plugins.
Preloading 0 native plugins for Editor in 0.00 ms.
Unloading 3414 Unused Serialized files (Serialized files now loaded: 0)
System memory in use before: 167.7 MB.
System memory in use after: 167.9 MB.

Unloading 29 unused Assets to reduce memory usage. Loaded Objects now: 3887.
Total: 2.877800 ms (FindLiveObjects: 0.327500 ms CreateObjectMapping: 0.109600 ms MarkObjects: 2.396500 ms  DeleteObjects: 0.042500 ms)

========================================================================
Received Import Request.
  path: Assets/Script/World/EnemyController.cs
  artifactKey: Guid(033dc374c67d5be41b231cfad51eae23) Importer(815301076,1909f56bfc062723c751e8b465ee728b)
Start importing Assets/Script/World/EnemyController.cs using Guid(033dc374c67d5be41b231cfad51eae23) Importer(815301076,1909f56bfc062723c751e8b465ee728b)  -> (artifact id: '7b8e55c0d47f59656b72312094d8c3e8') in 0.057839 seconds
  Import took 0.064249 seconds .

========================================================================
Received Import Request.
  Time since last request: 437.331566 seconds.
  path: Assets/Script/World/EnemyController.cs
  artifactKey: Guid(033dc374c67d5be41b231cfad51eae23) Importer(815301076,1909f56bfc062723c751e8b465ee728b)
Start importing Assets/Script/World/EnemyController.cs using Guid(033dc374c67d5be41b231cfad51eae23) Importer(815301076,1909f56bfc062723c751e8b465ee728b)  -> (artifact id: '815758827e3939e7c77afcd73fd49a42') in 0.002399 seconds
  Import took 0.008603 seconds .

========================================================================
Received Prepare
Registering precompiled user dll's ...
Registered in 0.003742 seconds.
Begin MonoManager ReloadAssembly
Native extension for WindowsStandalone target not found
Refreshing native plugins compatible for Editor in 0.83 ms, found 1 plugins.
Preloading 0 native plugins for Editor in 0.00 ms.
Mono: successfully reloaded assembly
- Completed reload, in  0.903 seconds
Platform modules already initialized, skipping
Shader 'Universal Render Pipeline/Particles/Lit': fallback shader 'Universal Render Pipeline/Particles/SimpleLit' not found
Refreshing native plugins compatible for Editor in 1.22 ms, found 1 plugins.
Preloading 0 native plugins for Editor in 0.00 ms.
Unloading 3258 Unused Serialized files (Serialized files now loaded: 0)
System memory in use before: 156.3 MB.
System memory in use after: 156.5 MB.

Unloading 18 unused Assets to reduce memory usage. Loaded Objects now: 3890.
Total: 4.529000 ms (FindLiveObjects: 0.502600 ms CreateObjectMapping: 0.209700 ms MarkObjects: 3.766000 ms  DeleteObjects: 0.044900 ms)

========================================================================
Received Import Request.
  Time since last request: 132.762108 seconds.
  path: Assets/Script/World/EnemyController.cs
  artifactKey: Guid(033dc374c67d5be41b231cfad51eae23) Importer(815301076,1909f56bfc062723c751e8b465ee728b)
Start importing Assets/Script/World/EnemyController.cs using Guid(033dc374c67d5be41b231cfad51eae23) Importer(815301076,1909f56bfc062723c751e8b465ee728b)  -> (artifact id: '72e94cdf4f633212b799720d34409507') in 0.102432 seconds
  Import took 0.152569 seconds .

========================================================================
Received Import Request.
  Time since last request: 10.156588 seconds.
  path: Assets/Script/World/EnemyController.cs
  artifactKey: Guid(033dc374c67d5be41b231cfad51eae23) Importer(815301076,1909f56bfc062723c751e8b465ee728b)
Start importing Assets/Script/World/EnemyController.cs using Guid(033dc374c67d5be41b231cfad51eae23) Importer(815301076,1909f56bfc062723c751e8b465ee728b)  -> (artifact id: 'e4acfddb20824afb43c89fe718d853ea') in 0.020737 seconds
  Import took 0.030094 seconds .

========================================================================
Received Import Request.
  Time since last request: 0.012568 seconds.
  path: Assets/Script/World/EnemyController.cs
  artifactKey: Guid(033dc374c67d5be41b231cfad51eae23) Importer(815301076,1909f56bfc062723c751e8b465ee728b)
Start importing Assets/Script/World/EnemyController.cs using Guid(033dc374c67d5be41b231cfad51eae23) Importer(815301076,1909f56bfc062723c751e8b465ee728b)  -> (artifact id: 'e4acfddb20824afb43c89fe718d853ea') in 0.023188 seconds
  Import took 0.079958 seconds .

========================================================================
Received Prepare
Registering precompiled user dll's ...
Registered in 0.006972 seconds.
Begin MonoManager ReloadAssembly
Native extension for WindowsStandalone target not found
Refreshing native plugins compatible for Editor in 0.93 ms, found 1 plugins.
Preloading 0 native plugins for Editor in 0.00 ms.
Mono: successfully reloaded assembly
- Completed reload, in  1.483 seconds
Platform modules already initialized, skipping
Shader 'Universal Render Pipeline/Particles/Lit': fallback shader 'Universal Render Pipeline/Particles/SimpleLit' not found
Refreshing native plugins compatible for Editor in 1.31 ms, found 1 plugins.
Preloading 0 native plugins for Editor in 0.00 ms.
Unloading 3258 Unused Serialized files (Serialized files now loaded: 0)
System memory in use before: 156.3 MB.
System memory in use after: 156.6 MB.

Unloading 18 unused Assets to reduce memory usage. Loaded Objects now: 3893.
Total: 6.144600 ms (FindLiveObjects: 0.533100 ms CreateObjectMapping: 0.206100 ms MarkObjects: 5.366600 ms  DeleteObjects: 0.034900 ms)

========================================================================
Received Prepare
Registering precompiled user dll's ...
Registered in 0.037963 seconds.
Begin MonoManager ReloadAssembly
Native extension for WindowsStandalone target not found
Refreshing native plugins compatible for Editor in 5.19 ms, found 1 plugins.
Preloading 0 native plugins for Editor in 0.00 ms.
Mono: successfully reloaded assembly
- Completed reload, in  7.133 seconds
Platform modules already initialized, skipping
Shader 'Universal Render Pipeline/Particles/Lit': fallback shader 'Universal Render Pipeline/Particles/SimpleLit' not found
Refreshing native plugins compatible for Editor in 1.78 ms, found 1 plugins.
Preloading 0 native plugins for Editor in 0.00 ms.
Unloading 3258 Unused Serialized files (Serialized files now loaded: 0)
System memory in use before: 156.4 MB.
System memory in use after: 156.6 MB.

Unloading 18 unused Assets to reduce memory usage. Loaded Objects now: 3896.
Total: 11.434000 ms (FindLiveObjects: 1.810000 ms CreateObjectMapping: 0.211500 ms MarkObjects: 9.365700 ms  DeleteObjects: 0.043700 ms)

========================================================================
Received Prepare
Registering precompiled user dll's ...
Registered in 0.009083 seconds.
Begin MonoManager ReloadAssembly
Native extension for WindowsStandalone target not found
Refreshing native plugins compatible for Editor in 1.17 ms, found 1 plugins.
Preloading 0 native plugins for Editor in 0.00 ms.
Mono: successfully reloaded assembly
- Completed reload, in  2.547 seconds
Platform modules already initialized, skipping
Shader 'Universal Render Pipeline/Particles/Lit': fallback shader 'Universal Render Pipeline/Particles/SimpleLit' not found
Refreshing native plugins compatible for Editor in 1.18 ms, found 1 plugins.
Preloading 0 native plugins for Editor in 0.00 ms.
Unloading 3258 Unused Serialized files (Serialized files now loaded: 0)
System memory in use before: 156.4 MB.
System memory in use after: 156.6 MB.

Unloading 18 unused Assets to reduce memory usage. Loaded Objects now: 3899.
Total: 9.411000 ms (FindLiveObjects: 0.745700 ms CreateObjectMapping: 0.263400 ms MarkObjects: 8.350200 ms  DeleteObjects: 0.047800 ms)

========================================================================
Received Import Request.
  Time since last request: 1602.620596 seconds.
  path: Assets/Script/World/PlayerMovement.cs
  artifactKey: Guid(c4b7859f7d2afb04c889f2db8f0b0dbb) Importer(815301076,1909f56bfc062723c751e8b465ee728b)
Start importing Assets/Script/World/PlayerMovement.cs using Guid(c4b7859f7d2afb04c889f2db8f0b0dbb) Importer(815301076,1909f56bfc062723c751e8b465ee728b)  -> (artifact id: '7168a0ad27e37e1ed5c7cc9250c42c3f') in 0.248829 seconds
  Import took 0.353135 seconds .

========================================================================
Received Prepare
Registering precompiled user dll's ...
Registered in 0.003710 seconds.
Begin MonoManager ReloadAssembly
Native extension for WindowsStandalone target not found
Refreshing native plugins compatible for Editor in 0.72 ms, found 1 plugins.
Preloading 0 native plugins for Editor in 0.00 ms.
Mono: successfully reloaded assembly
- Completed reload, in  0.766 seconds
Platform modules already initialized, skipping
Shader 'Universal Render Pipeline/Particles/Lit': fallback shader 'Universal Render Pipeline/Particles/SimpleLit' not found
Refreshing native plugins compatible for Editor in 1.13 ms, found 1 plugins.
Preloading 0 native plugins for Editor in 0.00 ms.
Unloading 3258 Unused Serialized files (Serialized files now loaded: 0)
System memory in use before: 156.4 MB.
System memory in use after: 156.7 MB.

Unloading 18 unused Assets to reduce memory usage. Loaded Objects now: 3902.
Total: 3.102100 ms (FindLiveObjects: 0.305700 ms CreateObjectMapping: 0.079600 ms MarkObjects: 2.676200 ms  DeleteObjects: 0.038800 ms)

========================================================================
Received Prepare
Registering precompiled user dll's ...
Registered in 0.003788 seconds.
Begin MonoManager ReloadAssembly
Native extension for WindowsStandalone target not found
Refreshing native plugins compatible for Editor in 0.72 ms, found 1 plugins.
Preloading 0 native plugins for Editor in 0.00 ms.
Mono: successfully reloaded assembly
- Completed reload, in  0.804 seconds
Platform modules already initialized, skipping
Shader 'Universal Render Pipeline/Particles/Lit': fallback shader 'Universal Render Pipeline/Particles/SimpleLit' not found
Refreshing native plugins compatible for Editor in 0.79 ms, found 1 plugins.
Preloading 0 native plugins for Editor in 0.00 ms.
Unloading 3258 Unused Serialized files (Serialized files now loaded: 0)
System memory in use before: 156.4 MB.
System memory in use after: 156.7 MB.

Unloading 18 unused Assets to reduce memory usage. Loaded Objects now: 3905.
Total: 5.406300 ms (FindLiveObjects: 0.978200 ms CreateObjectMapping: 0.630100 ms MarkObjects: 3.753100 ms  DeleteObjects: 0.042500 ms)

========================================================================
Received Prepare
Registering precompiled user dll's ...
Registered in 0.003684 seconds.
Begin MonoManager ReloadAssembly
Native extension for WindowsStandalone target not found
Refreshing native plugins compatible for Editor in 0.72 ms, found 1 plugins.
Preloading 0 native plugins for Editor in 0.00 ms.
Mono: successfully reloaded assembly
- Completed reload, in  0.825 seconds
Platform modules already initialized, skipping
Shader 'Universal Render Pipeline/Particles/Lit': fallback shader 'Universal Render Pipeline/Particles/SimpleLit' not found
Refreshing native plugins compatible for Editor in 1.11 ms, found 1 plugins.
Preloading 0 native plugins for Editor in 0.00 ms.
Unloading 3258 Unused Serialized files (Serialized files now loaded: 0)
System memory in use before: 156.4 MB.
System memory in use after: 156.7 MB.

Unloading 18 unused Assets to reduce memory usage. Loaded Objects now: 3908.
Total: 4.298200 ms (FindLiveObjects: 0.670500 ms CreateObjectMapping: 0.287200 ms MarkObjects: 3.290100 ms  DeleteObjects: 0.039300 ms)

========================================================================
Received Prepare
Registering precompiled user dll's ...
Registered in 0.003325 seconds.
Begin MonoManager ReloadAssembly
Native extension for WindowsStandalone target not found
Refreshing native plugins compatible for Editor in 0.73 ms, found 1 plugins.
Preloading 0 native plugins for Editor in 0.00 ms.
Mono: successfully reloaded assembly
- Completed reload, in  0.774 seconds
Platform modules already initialized, skipping
Shader 'Universal Render Pipeline/Particles/Lit': fallback shader 'Universal Render Pipeline/Particles/SimpleLit' not found
Refreshing native plugins compatible for Editor in 1.15 ms, found 1 plugins.
Preloading 0 native plugins for Editor in 0.00 ms.
Unloading 3258 Unused Serialized files (Serialized files now loaded: 0)
System memory in use before: 156.4 MB.
System memory in use after: 156.7 MB.

Unloading 18 unused Assets to reduce memory usage. Loaded Objects now: 3911.
Total: 4.395400 ms (FindLiveObjects: 0.670500 ms CreateObjectMapping: 0.267600 ms MarkObjects: 3.413200 ms  DeleteObjects: 0.042100 ms)

========================================================================
Received Prepare
Registering precompiled user dll's ...
Registered in 0.003437 seconds.
Begin MonoManager ReloadAssembly
Native extension for WindowsStandalone target not found
Refreshing native plugins compatible for Editor in 0.74 ms, found 1 plugins.
Preloading 0 native plugins for Editor in 0.00 ms.
Mono: successfully reloaded assembly
- Completed reload, in  0.769 seconds
Platform modules already initialized, skipping
Shader 'Universal Render Pipeline/Particles/Lit': fallback shader 'Universal Render Pipeline/Particles/SimpleLit' not found
Refreshing native plugins compatible for Editor in 0.85 ms, found 1 plugins.
Preloading 0 native plugins for Editor in 0.00 ms.
Unloading 3258 Unused Serialized files (Serialized files now loaded: 0)
System memory in use before: 156.5 MB.
System memory in use after: 156.7 MB.

Unloading 18 unused Assets to reduce memory usage. Loaded Objects now: 3914.
Total: 5.295500 ms (FindLiveObjects: 0.556200 ms CreateObjectMapping: 0.217200 ms MarkObjects: 4.483500 ms  DeleteObjects: 0.036600 ms)

========================================================================
Received Prepare
Registering precompiled user dll's ...
Registered in 0.003400 seconds.
Begin MonoManager ReloadAssembly
Native extension for WindowsStandalone target not found
Refreshing native plugins compatible for Editor in 0.78 ms, found 1 plugins.
Preloading 0 native plugins for Editor in 0.00 ms.
Mono: successfully reloaded assembly
- Completed reload, in  0.759 seconds
Platform modules already initialized, skipping
Shader 'Universal Render Pipeline/Particles/Lit': fallback shader 'Universal Render Pipeline/Particles/SimpleLit' not found
Refreshing native plugins compatible for Editor in 0.84 ms, found 1 plugins.
Preloading 0 native plugins for Editor in 0.00 ms.
Unloading 3258 Unused Serialized files (Serialized files now loaded: 0)
System memory in use before: 156.5 MB.
System memory in use after: 156.7 MB.

Unloading 18 unused Assets to reduce memory usage. Loaded Objects now: 3917.
Total: 3.324500 ms (FindLiveObjects: 0.453800 ms CreateObjectMapping: 0.120600 ms MarkObjects: 2.708700 ms  DeleteObjects: 0.039200 ms)

========================================================================
Received Prepare
Registering precompiled user dll's ...
Registered in 0.004207 seconds.
Begin MonoManager ReloadAssembly
Native extension for WindowsStandalone target not found
Refreshing native plugins compatible for Editor in 0.70 ms, found 1 plugins.
Preloading 0 native plugins for Editor in 0.00 ms.
Mono: successfully reloaded assembly
- Completed reload, in  0.758 seconds
Platform modules already initialized, skipping
Shader 'Universal Render Pipeline/Particles/Lit': fallback shader 'Universal Render Pipeline/Particles/SimpleLit' not found
Refreshing native plugins compatible for Editor in 1.18 ms, found 1 plugins.
Preloading 0 native plugins for Editor in 0.00 ms.
Unloading 3258 Unused Serialized files (Serialized files now loaded: 0)
System memory in use before: 156.5 MB.
System memory in use after: 156.7 MB.

Unloading 18 unused Assets to reduce memory usage. Loaded Objects now: 3920.
Total: 4.692700 ms (FindLiveObjects: 0.689600 ms CreateObjectMapping: 0.289900 ms MarkObjects: 3.675600 ms  DeleteObjects: 0.035900 ms)

========================================================================
Received Import Request.
  Time since last request: 3282.968954 seconds.
  path: Assets/Sprite/heart.png
  artifactKey: Guid(43c21c5c61044394d81bfa7d58ac57da) Importer(815301076,1909f56bfc062723c751e8b465ee728b)
Start importing Assets/Sprite/heart.png using Guid(43c21c5c61044394d81bfa7d58ac57da) Importer(815301076,1909f56bfc062723c751e8b465ee728b)  -> (artifact id: '09996563c59f8c071f49c76bb51c09a2') in 0.159852 seconds
  Import took 0.165555 seconds .

========================================================================
Received Import Request.
  Time since last request: 0.000190 seconds.
  path: Assets/Sound/BG/toby fox - UNDERTALE Soundtrack - 14 Heartache.mp3
  artifactKey: Guid(35cad1d8f3427a14b91fedffd50419f6) Importer(815301076,1909f56bfc062723c751e8b465ee728b)
Start importing Assets/Sound/BG/toby fox - UNDERTALE Soundtrack - 14 Heartache.mp3 using Guid(35cad1d8f3427a14b91fedffd50419f6) Importer(815301076,1909f56bfc062723c751e8b465ee728b)  -> (artifact id: 'e358c8319ce37e519039b816d98ef9c6') in 0.075271 seconds
  Import took 0.080488 seconds .

========================================================================
Received Import Request.
  Time since last request: 0.000198 seconds.
  path: Assets/Plugins/Demigiant/DemiLib/Core/Editor/Imgs/ico_heart.png
  artifactKey: Guid(d173388c1d9c32a418b5b777dd89d71a) Importer(815301076,1909f56bfc062723c751e8b465ee728b)
Start importing Assets/Plugins/Demigiant/DemiLib/Core/Editor/Imgs/ico_heart.png using Guid(d173388c1d9c32a418b5b777dd89d71a) Importer(815301076,1909f56bfc062723c751e8b465ee728b)  -> (artifact id: '7a3a8c72cade7926e9e6fbb56db1bec4') in 0.025031 seconds
  Import took 0.030016 seconds .

========================================================================
Received Import Request.
  Time since last request: 0.000229 seconds.
  path: Assets/Sound/SFX/snd_heartshot.wav
  artifactKey: Guid(0cc37964a89420942a062a603b6fef09) Importer(815301076,1909f56bfc062723c751e8b465ee728b)
Start importing Assets/Sound/SFX/snd_heartshot.wav using Guid(0cc37964a89420942a062a603b6fef09) Importer(815301076,1909f56bfc062723c751e8b465ee728b)  -> (artifact id: '60138eabb1ff4779beae6bb19fbe38f2') in 0.030049 seconds
  Import took 0.035651 seconds .

========================================================================
Received Import Request.
  Time since last request: 0.000274 seconds.
  path: Assets/Plugins/Demigiant/DemiLib/Core/Editor/Imgs/ico_heart_border.png
  artifactKey: Guid(669c487f3c9c5fe4abb6459f9c2628f0) Importer(815301076,1909f56bfc062723c751e8b465ee728b)
Start importing Assets/Plugins/Demigiant/DemiLib/Core/Editor/Imgs/ico_heart_border.png using Guid(669c487f3c9c5fe4abb6459f9c2628f0) Importer(815301076,1909f56bfc062723c751e8b465ee728b)  -> (artifact id: '6edc562e4d992d4fa9bb2d3fdfc5a060') in 0.022293 seconds
  Import took 0.027632 seconds .

========================================================================
Received Import Request.
  Time since last request: 0.000248 seconds.
  path: Assets/Plugins/Demigiant/DemiLib/Core/Editor/Imgs/project/ico_heart.png
  artifactKey: Guid(20794834c0a413f408b80110d0fc73b8) Importer(815301076,1909f56bfc062723c751e8b465ee728b)
Start importing Assets/Plugins/Demigiant/DemiLib/Core/Editor/Imgs/project/ico_heart.png using Guid(20794834c0a413f408b80110d0fc73b8) Importer(815301076,1909f56bfc062723c751e8b465ee728b)  -> (artifact id: 'c520187f4a332cc1a4f1275b3d70d1a3') in 0.025403 seconds
  Import took 0.030532 seconds .

========================================================================
Received Import Request.
  Time since last request: 45.317293 seconds.
  path: Assets/Sprite/heart.png
  artifactKey: Guid(43c21c5c61044394d81bfa7d58ac57da) Importer(815301076,1909f56bfc062723c751e8b465ee728b)
Start importing Assets/Sprite/heart.png using Guid(43c21c5c61044394d81bfa7d58ac57da) Importer(815301076,1909f56bfc062723c751e8b465ee728b)  -> (artifact id: 'be82dcfd8396a0758140ca9613e072d4') in 0.017361 seconds
  Import took 0.023077 seconds .

========================================================================
Received Import Request.
  Time since last request: 53.323116 seconds.
  path: Assets/Sprite/Shader/GasterBlaster.mat
  artifactKey: Guid(8e6a4bd755621af4ca07d268d0ebb51c) Importer(815301076,1909f56bfc062723c751e8b465ee728b)
Start importing Assets/Sprite/Shader/GasterBlaster.mat using Guid(8e6a4bd755621af4ca07d268d0ebb51c) Importer(815301076,1909f56bfc062723c751e8b465ee728b)  -> (artifact id: '2885c5e251a3b7dad3acb5beee5e882c') in 0.147430 seconds
  Import took 0.153115 seconds .

========================================================================
Received Import Request.
  Time since last request: 0.000251 seconds.
  path: Assets/Sprite/Shader/LaserMat.mat
  artifactKey: Guid(2956c87f0b8124c4db308bd3b1e29c1c) Importer(815301076,1909f56bfc062723c751e8b465ee728b)
Start importing Assets/Sprite/Shader/LaserMat.mat using Guid(2956c87f0b8124c4db308bd3b1e29c1c) Importer(815301076,1909f56bfc062723c751e8b465ee728b)  -> (artifact id: '8d04e51331b6f2e1c21a015ac142b184') in 0.029407 seconds
  Import took 0.034667 seconds .

========================================================================
Received Prepare
Registering precompiled user dll's ...
Registered in 0.003616 seconds.
Begin MonoManager ReloadAssembly
Native extension for WindowsStandalone target not found
Refreshing native plugins compatible for Editor in 0.93 ms, found 1 plugins.
Preloading 0 native plugins for Editor in 0.00 ms.
Mono: successfully reloaded assembly
- Completed reload, in  0.880 seconds
Platform modules already initialized, skipping
Shader 'Universal Render Pipeline/Particles/Lit': fallback shader 'Universal Render Pipeline/Particles/SimpleLit' not found
Refreshing native plugins compatible for Editor in 0.97 ms, found 1 plugins.
Preloading 0 native plugins for Editor in 0.00 ms.
Unloading 3258 Unused Serialized files (Serialized files now loaded: 0)
System memory in use before: 161.9 MB.
System memory in use after: 162.1 MB.

Unloading 18 unused Assets to reduce memory usage. Loaded Objects now: 4008.
Total: 5.281000 ms (FindLiveObjects: 0.803300 ms CreateObjectMapping: 0.262400 ms MarkObjects: 4.175300 ms  DeleteObjects: 0.038500 ms)

========================================================================
Received Prepare
Registering precompiled user dll's ...
Registered in 0.003329 seconds.
Begin MonoManager ReloadAssembly
Native extension for WindowsStandalone target not found
Refreshing native plugins compatible for Editor in 0.72 ms, found 1 plugins.
Preloading 0 native plugins for Editor in 0.00 ms.
Mono: successfully reloaded assembly
- Completed reload, in  0.750 seconds
Platform modules already initialized, skipping
Shader 'Universal Render Pipeline/Particles/Lit': fallback shader 'Universal Render Pipeline/Particles/SimpleLit' not found
Refreshing native plugins compatible for Editor in 0.80 ms, found 1 plugins.
Preloading 0 native plugins for Editor in 0.00 ms.
Unloading 3258 Unused Serialized files (Serialized files now loaded: 0)
System memory in use before: 161.9 MB.
System memory in use after: 162.1 MB.

Unloading 18 unused Assets to reduce memory usage. Loaded Objects now: 4011.
Total: 2.959700 ms (FindLiveObjects: 0.598600 ms CreateObjectMapping: 0.201800 ms MarkObjects: 2.130500 ms  DeleteObjects: 0.027100 ms)

========================================================================
Received Prepare
Registering precompiled user dll's ...
Registered in 0.003553 seconds.
Begin MonoManager ReloadAssembly
Native extension for WindowsStandalone target not found
Refreshing native plugins compatible for Editor in 0.75 ms, found 1 plugins.
Preloading 0 native plugins for Editor in 0.00 ms.
Mono: successfully reloaded assembly
- Completed reload, in  0.782 seconds
Platform modules already initialized, skipping
Shader 'Universal Render Pipeline/Particles/Lit': fallback shader 'Universal Render Pipeline/Particles/SimpleLit' not found
Refreshing native plugins compatible for Editor in 1.12 ms, found 1 plugins.
Preloading 0 native plugins for Editor in 0.00 ms.
Unloading 3258 Unused Serialized files (Serialized files now loaded: 0)
System memory in use before: 161.9 MB.
System memory in use after: 162.1 MB.

Unloading 18 unused Assets to reduce memory usage. Loaded Objects now: 4014.
Total: 4.786100 ms (FindLiveObjects: 0.822500 ms CreateObjectMapping: 0.241700 ms MarkObjects: 3.682600 ms  DeleteObjects: 0.037700 ms)

========================================================================
Received Prepare
Registering precompiled user dll's ...
Registered in 0.003667 seconds.
Begin MonoManager ReloadAssembly
Native extension for WindowsStandalone target not found
Refreshing native plugins compatible for Editor in 0.90 ms, found 1 plugins.
Preloading 0 native plugins for Editor in 0.00 ms.
Mono: successfully reloaded assembly
- Completed reload, in  0.747 seconds
Platform modules already initialized, skipping
Shader 'Universal Render Pipeline/Particles/Lit': fallback shader 'Universal Render Pipeline/Particles/SimpleLit' not found
Refreshing native plugins compatible for Editor in 0.75 ms, found 1 plugins.
Preloading 0 native plugins for Editor in 0.00 ms.
Unloading 3258 Unused Serialized files (Serialized files now loaded: 0)
System memory in use before: 161.9 MB.
System memory in use after: 162.1 MB.

Unloading 18 unused Assets to reduce memory usage. Loaded Objects now: 4017.
Total: 2.835100 ms (FindLiveObjects: 0.309400 ms CreateObjectMapping: 0.085000 ms MarkObjects: 2.402400 ms  DeleteObjects: 0.036400 ms)

========================================================================
Received Prepare
Registering precompiled user dll's ...
Registered in 0.003451 seconds.
Begin MonoManager ReloadAssembly
Native extension for WindowsStandalone target not found
Refreshing native plugins compatible for Editor in 0.82 ms, found 1 plugins.
Preloading 0 native plugins for Editor in 0.00 ms.
Mono: successfully reloaded assembly
- Completed reload, in  0.711 seconds
Platform modules already initialized, skipping
Shader 'Universal Render Pipeline/Particles/Lit': fallback shader 'Universal Render Pipeline/Particles/SimpleLit' not found
Refreshing native plugins compatible for Editor in 1.35 ms, found 1 plugins.
Preloading 0 native plugins for Editor in 0.00 ms.
Unloading 3258 Unused Serialized files (Serialized files now loaded: 0)
System memory in use before: 161.9 MB.
System memory in use after: 162.2 MB.

Unloading 18 unused Assets to reduce memory usage. Loaded Objects now: 4020.
Total: 3.141700 ms (FindLiveObjects: 0.566400 ms CreateObjectMapping: 0.195800 ms MarkObjects: 2.349400 ms  DeleteObjects: 0.028500 ms)

========================================================================
Received Prepare
Registering precompiled user dll's ...
Registered in 0.003311 seconds.
Begin MonoManager ReloadAssembly
Native extension for WindowsStandalone target not found
Refreshing native plugins compatible for Editor in 0.64 ms, found 1 plugins.
Preloading 0 native plugins for Editor in 0.00 ms.
Mono: successfully reloaded assembly
- Completed reload, in  0.733 seconds
Platform modules already initialized, skipping
Shader 'Universal Render Pipeline/Particles/Lit': fallback shader 'Universal Render Pipeline/Particles/SimpleLit' not found
Refreshing native plugins compatible for Editor in 1.17 ms, found 1 plugins.
Preloading 0 native plugins for Editor in 0.00 ms.
Unloading 3258 Unused Serialized files (Serialized files now loaded: 0)
System memory in use before: 161.9 MB.
System memory in use after: 162.2 MB.

Unloading 18 unused Assets to reduce memory usage. Loaded Objects now: 4023.
Total: 3.943100 ms (FindLiveObjects: 0.659800 ms CreateObjectMapping: 0.418500 ms MarkObjects: 2.809100 ms  DeleteObjects: 0.053900 ms)

========================================================================
Received Prepare
Registering precompiled user dll's ...
Registered in 0.012852 seconds.
Begin MonoManager ReloadAssembly
Native extension for WindowsStandalone target not found
Refreshing native plugins compatible for Editor in 0.78 ms, found 1 plugins.
Preloading 0 native plugins for Editor in 0.00 ms.
Mono: successfully reloaded assembly
- Completed reload, in  2.611 seconds
Platform modules already initialized, skipping
Shader 'Universal Render Pipeline/Particles/Lit': fallback shader 'Universal Render Pipeline/Particles/SimpleLit' not found
Refreshing native plugins compatible for Editor in 1.17 ms, found 1 plugins.
Preloading 0 native plugins for Editor in 0.00 ms.
Unloading 3258 Unused Serialized files (Serialized files now loaded: 0)
System memory in use before: 161.9 MB.
System memory in use after: 162.2 MB.

Unloading 18 unused Assets to reduce memory usage. Loaded Objects now: 4026.
Total: 6.265100 ms (FindLiveObjects: 1.010600 ms CreateObjectMapping: 0.275300 ms MarkObjects: 4.945100 ms  DeleteObjects: 0.032400 ms)

========================================================================
Received Prepare
Registering precompiled user dll's ...
Registered in 0.006406 seconds.
Begin MonoManager ReloadAssembly
Native extension for WindowsStandalone target not found
Refreshing native plugins compatible for Editor in 0.84 ms, found 1 plugins.
Preloading 0 native plugins for Editor in 0.00 ms.
Mono: successfully reloaded assembly
- Completed reload, in  0.744 seconds
Platform modules already initialized, skipping
Shader 'Universal Render Pipeline/Particles/Lit': fallback shader 'Universal Render Pipeline/Particles/SimpleLit' not found
Refreshing native plugins compatible for Editor in 0.73 ms, found 1 plugins.
Preloading 0 native plugins for Editor in 0.00 ms.
Unloading 3258 Unused Serialized files (Serialized files now loaded: 0)
System memory in use before: 161.9 MB.
System memory in use after: 162.2 MB.

Unloading 18 unused Assets to reduce memory usage. Loaded Objects now: 4029.
Total: 6.142100 ms (FindLiveObjects: 0.556000 ms CreateObjectMapping: 0.199500 ms MarkObjects: 5.348500 ms  DeleteObjects: 0.036300 ms)

========================================================================
Received Prepare
Registering precompiled user dll's ...
Registered in 0.003238 seconds.
Begin MonoManager ReloadAssembly
Native extension for WindowsStandalone target not found
Refreshing native plugins compatible for Editor in 0.71 ms, found 1 plugins.
Preloading 0 native plugins for Editor in 0.00 ms.
Mono: successfully reloaded assembly
- Completed reload, in  0.748 seconds
Platform modules already initialized, skipping
Shader 'Universal Render Pipeline/Particles/Lit': fallback shader 'Universal Render Pipeline/Particles/SimpleLit' not found
Refreshing native plugins compatible for Editor in 1.47 ms, found 1 plugins.
Preloading 0 native plugins for Editor in 0.00 ms.
Unloading 3258 Unused Serialized files (Serialized files now loaded: 0)
System memory in use before: 161.9 MB.
System memory in use after: 162.2 MB.

Unloading 18 unused Assets to reduce memory usage. Loaded Objects now: 4032.
Total: 2.975000 ms (FindLiveObjects: 0.507800 ms CreateObjectMapping: 0.112800 ms MarkObjects: 2.320500 ms  DeleteObjects: 0.031900 ms)

========================================================================
Received Prepare
Registering precompiled user dll's ...
Registered in 0.003445 seconds.
Begin MonoManager ReloadAssembly
Native extension for WindowsStandalone target not found
Refreshing native plugins compatible for Editor in 0.77 ms, found 1 plugins.
Preloading 0 native plugins for Editor in 0.00 ms.
Mono: successfully reloaded assembly
- Completed reload, in  0.851 seconds
Platform modules already initialized, skipping
Shader 'Universal Render Pipeline/Particles/Lit': fallback shader 'Universal Render Pipeline/Particles/SimpleLit' not found
Refreshing native plugins compatible for Editor in 1.54 ms, found 1 plugins.
Preloading 0 native plugins for Editor in 0.00 ms.
Unloading 3258 Unused Serialized files (Serialized files now loaded: 0)
System memory in use before: 162.0 MB.
System memory in use after: 162.2 MB.

Unloading 18 unused Assets to reduce memory usage. Loaded Objects now: 4035.
Total: 5.287700 ms (FindLiveObjects: 0.523700 ms CreateObjectMapping: 0.220600 ms MarkObjects: 4.502100 ms  DeleteObjects: 0.039400 ms)

========================================================================
Received Prepare
Registering precompiled user dll's ...
Registered in 0.003565 seconds.
Begin MonoManager ReloadAssembly
Native extension for WindowsStandalone target not found
Refreshing native plugins compatible for Editor in 0.80 ms, found 1 plugins.
Preloading 0 native plugins for Editor in 0.00 ms.
Mono: successfully reloaded assembly
- Completed reload, in  0.753 seconds
Platform modules already initialized, skipping
Shader 'Universal Render Pipeline/Particles/Lit': fallback shader 'Universal Render Pipeline/Particles/SimpleLit' not found
Refreshing native plugins compatible for Editor in 1.14 ms, found 1 plugins.
Preloading 0 native plugins for Editor in 0.00 ms.
Unloading 3258 Unused Serialized files (Serialized files now loaded: 0)
System memory in use before: 162.0 MB.
System memory in use after: 162.2 MB.

Unloading 18 unused Assets to reduce memory usage. Loaded Objects now: 4038.
Total: 4.352000 ms (FindLiveObjects: 0.577200 ms CreateObjectMapping: 0.247600 ms MarkObjects: 3.491200 ms  DeleteObjects: 0.034500 ms)

========================================================================
Received Prepare
Registering precompiled user dll's ...
Registered in 0.003657 seconds.
Begin MonoManager ReloadAssembly
Native extension for WindowsStandalone target not found
Refreshing native plugins compatible for Editor in 0.75 ms, found 1 plugins.
Preloading 0 native plugins for Editor in 0.00 ms.
Mono: successfully reloaded assembly
- Completed reload, in  0.838 seconds
Platform modules already initialized, skipping
Shader 'Universal Render Pipeline/Particles/Lit': fallback shader 'Universal Render Pipeline/Particles/SimpleLit' not found
Refreshing native plugins compatible for Editor in 1.26 ms, found 1 plugins.
Preloading 0 native plugins for Editor in 0.00 ms.
Unloading 3258 Unused Serialized files (Serialized files now loaded: 0)
System memory in use before: 162.0 MB.
System memory in use after: 162.2 MB.

Unloading 18 unused Assets to reduce memory usage. Loaded Objects now: 4041.
Total: 5.733600 ms (FindLiveObjects: 0.835700 ms CreateObjectMapping: 0.342200 ms MarkObjects: 4.507700 ms  DeleteObjects: 0.045700 ms)

========================================================================
Received Prepare
Registering precompiled user dll's ...
Registered in 0.003540 seconds.
Begin MonoManager ReloadAssembly
Native extension for WindowsStandalone target not found
Refreshing native plugins compatible for Editor in 0.70 ms, found 1 plugins.
Preloading 0 native plugins for Editor in 0.00 ms.
Mono: successfully reloaded assembly
- Completed reload, in  0.758 seconds
Platform modules already initialized, skipping
Shader 'Universal Render Pipeline/Particles/Lit': fallback shader 'Universal Render Pipeline/Particles/SimpleLit' not found
Refreshing native plugins compatible for Editor in 1.11 ms, found 1 plugins.
Preloading 0 native plugins for Editor in 0.00 ms.
Unloading 3258 Unused Serialized files (Serialized files now loaded: 0)
System memory in use before: 162.0 MB.
System memory in use after: 162.2 MB.

Unloading 18 unused Assets to reduce memory usage. Loaded Objects now: 4044.
Total: 4.115700 ms (FindLiveObjects: 0.390500 ms CreateObjectMapping: 0.085800 ms MarkObjects: 3.599800 ms  DeleteObjects: 0.037900 ms)

AssetImportWorkerClient::OnTransportError - code=2 error=End of file
