Using pre-set license
Built from '2020.3/staging' branch; Version is '2020.3.6f1 (338bb68529b2) revision 3378102'; Using compiler version '192528614'; Build Type 'Release'
OS: 'Windows 10 Pro; OS build 22631.3958; Version 2009; 64bit' Language: 'ko' Physical Memory: 32469 MB
BatchMode: 1, IsHumanControllingUs: 0, StartBugReporterOnCrash: 0, Is64bit: 1, IsPro: 0

 COMMAND LINE ARGUMENTS:
C:\Program Files\Unity\Hub\Editor\2020.3.6f1\Editor\Unity.exe
-adb2
-batchMode
-noUpm
-name
AssetImportWorker0
-projectPath
C:/Users/MSI/Documents/GitHub/FrameWork/Framework
-logFile
Logs/AssetImportWorker0.log
-srvPort
52818
Successfully changed project path to: C:/Users/MSI/Documents/GitHub/FrameWork/Framework
C:/Users/MSI/Documents/GitHub/FrameWork/Framework
Using Asset Import Pipeline V2.
Refreshing native plugins compatible for Editor in 37.21 ms, found 1 plugins.
Preloading 0 native plugins for Editor in 0.00 ms.
Initialize engine version: 2020.3.6f1 (338bb68529b2)
[Subsystems] Discovering subsystems at path C:/Program Files/Unity/Hub/Editor/2020.3.6f1/Editor/Data/Resources/UnitySubsystems
[Subsystems] Discovering subsystems at path C:/Users/MSI/Documents/GitHub/FrameWork/Framework/Assets
GfxDevice: creating device client; threaded=0
Direct3D:
    Version:  Direct3D 11.0 [level 11.1]
    Renderer: NVIDIA GeForce RTX 3050 Laptop GPU (ID=0x25a2)
    Vendor:   
    VRAM:     3965 MB
    Driver:   32.0.15.5599
Initialize mono
Mono path[0] = 'C:/Program Files/Unity/Hub/Editor/2020.3.6f1/Editor/Data/Managed'
Mono path[1] = 'C:/Program Files/Unity/Hub/Editor/2020.3.6f1/Editor/Data/MonoBleedingEdge/lib/mono/unityjit'
Mono config path = 'C:/Program Files/Unity/Hub/Editor/2020.3.6f1/Editor/Data/MonoBleedingEdge/etc'
Using monoOptions --debugger-agent=transport=dt_socket,embedding=1,server=y,suspend=n,address=127.0.0.1:56048
Begin MonoManager ReloadAssembly
Registering precompiled unity dll's ...
Register platform support module: C:/Program Files/Unity/Hub/Editor/2020.3.6f1/Editor/Data/PlaybackEngines/WindowsStandaloneSupport/UnityEditor.WindowsStandalone.Extensions.dll
Registered in 0.001326 seconds.
Native extension for WindowsStandalone target not found
Refreshing native plugins compatible for Editor in 37.95 ms, found 1 plugins.
Preloading 0 native plugins for Editor in 0.00 ms.
Mono: successfully reloaded assembly
- Completed reload, in  1.816 seconds
Platform modules already initialized, skipping
Registering precompiled user dll's ...
Registered in 0.000965 seconds.
Begin MonoManager ReloadAssembly
Native extension for WindowsStandalone target not found
Refreshing native plugins compatible for Editor in 38.83 ms, found 1 plugins.
Preloading 0 native plugins for Editor in 0.00 ms.
Mono: successfully reloaded assembly
- Completed reload, in  0.746 seconds
Platform modules already initialized, skipping
========================================================================
Worker process is ready to serve import requests
Launched and connected shader compiler UnityShaderCompiler.exe after 0.04 seconds
Refreshing native plugins compatible for Editor in 0.65 ms, found 1 plugins.
Preloading 0 native plugins for Editor in 0.00 ms.
Unloading 1963 Unused Serialized files (Serialized files now loaded: 0)
System memory in use before: 91.2 MB.
System memory in use after: 91.3 MB.

Unloading 19 unused Assets to reduce memory usage. Loaded Objects now: 2411.
Total: 2.459400 ms (FindLiveObjects: 0.292200 ms CreateObjectMapping: 0.102400 ms MarkObjects: 1.944600 ms  DeleteObjects: 0.118900 ms)

========================================================================
Received Import Request.
  path: Assets/Sprite/UI/Text Bubbles.png
  artifactKey: Guid(7f667ccdbbf62fc4f9a2cd804d7f8e66) Importer(815301076,1909f56bfc062723c751e8b465ee728b)
Start importing Assets/Sprite/UI/Text Bubbles.png using Guid(7f667ccdbbf62fc4f9a2cd804d7f8e66) Importer(815301076,1909f56bfc062723c751e8b465ee728b)  -> (artifact id: '67eb8a02785b3a1e8b851dc4b04b5df0') in 0.098569 seconds
  Import took 0.102193 seconds .

========================================================================
Received Import Request.
  Time since last request: 25.133382 seconds.
  path: Assets/Sprite/UI/Text Bubbles.png
  artifactKey: Guid(7f667ccdbbf62fc4f9a2cd804d7f8e66) Importer(815301076,1909f56bfc062723c751e8b465ee728b)
Start importing Assets/Sprite/UI/Text Bubbles.png using Guid(7f667ccdbbf62fc4f9a2cd804d7f8e66) Importer(815301076,1909f56bfc062723c751e8b465ee728b)  -> (artifact id: '4bbc3e62528f1e8fadce8e592733fd8d') in 0.015342 seconds
  Import took 0.018647 seconds .

========================================================================
Received Import Request.
  Time since last request: 41.632470 seconds.
  path: Assets/Sprite/UI/Text Bubbles.png
  artifactKey: Guid(7f667ccdbbf62fc4f9a2cd804d7f8e66) Importer(815301076,1909f56bfc062723c751e8b465ee728b)
Start importing Assets/Sprite/UI/Text Bubbles.png using Guid(7f667ccdbbf62fc4f9a2cd804d7f8e66) Importer(815301076,1909f56bfc062723c751e8b465ee728b)  -> (artifact id: 'db419cd02d46f92c4a68ef194d5b03ee') in 0.030231 seconds
  Import took 0.033583 seconds .

AssetImportWorkerClient::OnTransportError - code=2 error=End of file
